[2020-08-20 08:49:08,474] multiqc                                            [DEBUG  ]  No MultiQC config found: /Users/astrasb/.pyenv/versions/3.7.3/lib/python3.7/site-packages/multiqc_config.yaml
[2020-08-20 08:49:08,475] multiqc                                            [DEBUG  ]  No MultiQC config found: /Users/astrasb/.multiqc_config.yaml
[2020-08-20 08:49:08,475] multiqc                                            [DEBUG  ]  No MultiQC config found: multiqc_config.yaml
[2020-08-20 08:49:08,475] multiqc                                            [DEBUG  ]  Command used: /Users/astrasb/.pyenv/versions/3.7.3/bin/multiqc -d .
[2020-08-20 08:49:09,806] multiqc                                            [DEBUG  ]  Latest MultiQC version is v1.9
[2020-08-20 08:49:09,806] multiqc                                            [INFO   ]  This is MultiQC v1.9
[2020-08-20 08:49:09,807] multiqc                                            [DEBUG  ]  Command     : /Users/astrasb/.pyenv/versions/3.7.3/bin/multiqc -d .
[2020-08-20 08:49:09,807] multiqc                                            [DEBUG  ]  Working dir : /Users/astrasb/Documents/RStudio/Strongyloides_Bioinformatics/Data/S_ratti/Reads
[2020-08-20 08:49:09,807] multiqc                                            [INFO   ]  Template    : default
[2020-08-20 08:49:09,807] multiqc                                            [DEBUG  ]  Running Python 3.7.3 (default, Jun 19 2020, 11:34:17)  [Clang 11.0.3 (clang-1103.0.32.29)]
[2020-08-20 08:49:09,807] multiqc                                            [INFO   ]  Prepending directory to sample names
[2020-08-20 08:49:09,807] multiqc                                            [INFO   ]  Searching   : /Users/astrasb/Documents/RStudio/Strongyloides_Bioinformatics/Data/S_ratti/Reads
[2020-08-20 08:49:09,808] multiqc                                            [DEBUG  ]  Analysing modules: custom_content, conpair, peddy, somalier, methylQA, mosdepth, phantompeakqualtools, qualimap, preseq, quast, qorts, rna_seqc, rockhopper, rsem, rseqc, busco, goleft_indexcov, disambiguate, supernova, deeptools, sargasso, verifybamid, mirtrace, happy, mirtop, homer, macs2, theta2, snpeff, gatk, htseq, bcftools, featureCounts, fgbio, dragen, dedup, damageprofiler, biobambam2, mtnucratio, picard, prokka, samblaster, samtools, sexdeterrmine, bamtools, jellyfish, vcftools, longranger, stacks, varscan2, bbmap, bismark, biscuit, hicexplorer, hicup, hicpro, salmon, kallisto, slamdunk, star, hisat2, tophat, bowtie2, bowtie1, snpsplit, kat, leehom, adapterRemoval, clipandmerge, cutadapt, flexbar, kaiju, kraken, malt, trimmomatic, sickle, skewer, sortmerna, biobloomtools, fastq_screen, afterqc, fastp, fastqc, pycoqc, minionqc, multivcfanalyzer, clusterflow, bcl2fastq, interop, ivar, flash, seqyclean
[2020-08-20 08:49:09,809] multiqc                                            [DEBUG  ]  Using temporary directory for creating report: /var/folders/xg/4ps290nj7qgb4xc5p53nkssc0000gn/T/tmp083elyoa
[2020-08-20 08:49:09,896] multiqc                                            [DEBUG  ]  Ignoring file as matched an ignore pattern: ERR299176_1.fastq.gz
[2020-08-20 08:49:09,954] multiqc                                            [DEBUG  ]  Ignoring file as matched an ignore pattern: ERR299177_2.fastq.gz
[2020-08-20 08:49:09,971] multiqc                                            [DEBUG  ]  File ignored by hicexplorer because it exceeded search pattern filesize limit: ERR299176_2_fastqc.html
[2020-08-20 08:49:09,973] multiqc                                            [DEBUG  ]  File ignored by longranger/invocation because it exceeded search pattern filesize limit: ERR299176_2_fastqc.html
[2020-08-20 08:49:09,973] multiqc                                            [DEBUG  ]  File ignored by rockhopper because it exceeded search pattern filesize limit: ERR299176_2_fastqc.html
[2020-08-20 08:49:09,973] multiqc                                            [DEBUG  ]  File ignored by rseqc/bam_stat because it exceeded search pattern filesize limit: ERR299176_2_fastqc.html
[2020-08-20 08:49:09,973] multiqc                                            [DEBUG  ]  File ignored by rseqc/junction_annotation because it exceeded search pattern filesize limit: ERR299176_2_fastqc.html
[2020-08-20 08:49:09,973] multiqc                                            [DEBUG  ]  File ignored by rseqc/read_distribution because it exceeded search pattern filesize limit: ERR299176_2_fastqc.html
[2020-08-20 08:49:09,973] multiqc                                            [DEBUG  ]  File ignored by rseqc/infer_experiment because it exceeded search pattern filesize limit: ERR299176_2_fastqc.html
[2020-08-20 08:49:10,021] multiqc                                            [DEBUG  ]  Ignoring file as matched an ignore pattern: ERR225783_2.fastq.gz
[2020-08-20 08:49:10,030] multiqc                                            [DEBUG  ]  File ignored by hicexplorer because it exceeded search pattern filesize limit: ERR299178_1_fastqc.html
[2020-08-20 08:49:10,032] multiqc                                            [DEBUG  ]  File ignored by longranger/invocation because it exceeded search pattern filesize limit: ERR299178_1_fastqc.html
[2020-08-20 08:49:10,032] multiqc                                            [DEBUG  ]  File ignored by rockhopper because it exceeded search pattern filesize limit: ERR299178_1_fastqc.html
[2020-08-20 08:49:10,032] multiqc                                            [DEBUG  ]  File ignored by rseqc/bam_stat because it exceeded search pattern filesize limit: ERR299178_1_fastqc.html
[2020-08-20 08:49:10,032] multiqc                                            [DEBUG  ]  File ignored by rseqc/junction_annotation because it exceeded search pattern filesize limit: ERR299178_1_fastqc.html
[2020-08-20 08:49:10,032] multiqc                                            [DEBUG  ]  File ignored by rseqc/read_distribution because it exceeded search pattern filesize limit: ERR299178_1_fastqc.html
[2020-08-20 08:49:10,032] multiqc                                            [DEBUG  ]  File ignored by rseqc/infer_experiment because it exceeded search pattern filesize limit: ERR299178_1_fastqc.html
[2020-08-20 08:49:10,076] multiqc                                            [DEBUG  ]  File ignored by hicexplorer because it exceeded search pattern filesize limit: ERR299172_2_fastqc.html
[2020-08-20 08:49:10,077] multiqc                                            [DEBUG  ]  File ignored by longranger/invocation because it exceeded search pattern filesize limit: ERR299172_2_fastqc.html
[2020-08-20 08:49:10,078] multiqc                                            [DEBUG  ]  File ignored by rockhopper because it exceeded search pattern filesize limit: ERR299172_2_fastqc.html
[2020-08-20 08:49:10,078] multiqc                                            [DEBUG  ]  File ignored by rseqc/bam_stat because it exceeded search pattern filesize limit: ERR299172_2_fastqc.html
[2020-08-20 08:49:10,078] multiqc                                            [DEBUG  ]  File ignored by rseqc/junction_annotation because it exceeded search pattern filesize limit: ERR299172_2_fastqc.html
[2020-08-20 08:49:10,078] multiqc                                            [DEBUG  ]  File ignored by rseqc/read_distribution because it exceeded search pattern filesize limit: ERR299172_2_fastqc.html
[2020-08-20 08:49:10,078] multiqc                                            [DEBUG  ]  File ignored by rseqc/infer_experiment because it exceeded search pattern filesize limit: ERR299172_2_fastqc.html
[2020-08-20 08:49:10,121] multiqc                                            [DEBUG  ]  File ignored by hicexplorer because it exceeded search pattern filesize limit: ERR299168_1_fastqc.html
[2020-08-20 08:49:10,123] multiqc                                            [DEBUG  ]  File ignored by longranger/invocation because it exceeded search pattern filesize limit: ERR299168_1_fastqc.html
[2020-08-20 08:49:10,123] multiqc                                            [DEBUG  ]  File ignored by rockhopper because it exceeded search pattern filesize limit: ERR299168_1_fastqc.html
[2020-08-20 08:49:10,123] multiqc                                            [DEBUG  ]  File ignored by rseqc/bam_stat because it exceeded search pattern filesize limit: ERR299168_1_fastqc.html
[2020-08-20 08:49:10,123] multiqc                                            [DEBUG  ]  File ignored by rseqc/junction_annotation because it exceeded search pattern filesize limit: ERR299168_1_fastqc.html
[2020-08-20 08:49:10,123] multiqc                                            [DEBUG  ]  File ignored by rseqc/read_distribution because it exceeded search pattern filesize limit: ERR299168_1_fastqc.html
[2020-08-20 08:49:10,123] multiqc                                            [DEBUG  ]  File ignored by rseqc/infer_experiment because it exceeded search pattern filesize limit: ERR299168_1_fastqc.html
[2020-08-20 08:49:10,159] multiqc                                            [DEBUG  ]  Ignoring file as matched an ignore pattern: ERR299172_2.fastq.gz
[2020-08-20 08:49:10,168] multiqc                                            [DEBUG  ]  File ignored by hicexplorer because it exceeded search pattern filesize limit: ERR299175_2_fastqc.html
[2020-08-20 08:49:10,169] multiqc                                            [DEBUG  ]  File ignored by longranger/invocation because it exceeded search pattern filesize limit: ERR299175_2_fastqc.html
[2020-08-20 08:49:10,169] multiqc                                            [DEBUG  ]  File ignored by rockhopper because it exceeded search pattern filesize limit: ERR299175_2_fastqc.html
[2020-08-20 08:49:10,169] multiqc                                            [DEBUG  ]  File ignored by rseqc/bam_stat because it exceeded search pattern filesize limit: ERR299175_2_fastqc.html
[2020-08-20 08:49:10,169] multiqc                                            [DEBUG  ]  File ignored by rseqc/junction_annotation because it exceeded search pattern filesize limit: ERR299175_2_fastqc.html
[2020-08-20 08:49:10,169] multiqc                                            [DEBUG  ]  File ignored by rseqc/read_distribution because it exceeded search pattern filesize limit: ERR299175_2_fastqc.html
[2020-08-20 08:49:10,170] multiqc                                            [DEBUG  ]  File ignored by rseqc/infer_experiment because it exceeded search pattern filesize limit: ERR299175_2_fastqc.html
[2020-08-20 08:49:10,207] multiqc                                            [DEBUG  ]  Ignoring file as matched an ignore pattern: .DS_Store
[2020-08-20 08:49:10,232] multiqc                                            [DEBUG  ]  File ignored by hicexplorer because it exceeded search pattern filesize limit: ERR299171_2_fastqc.html
[2020-08-20 08:49:10,234] multiqc                                            [DEBUG  ]  File ignored by longranger/invocation because it exceeded search pattern filesize limit: ERR299171_2_fastqc.html
[2020-08-20 08:49:10,234] multiqc                                            [DEBUG  ]  File ignored by rockhopper because it exceeded search pattern filesize limit: ERR299171_2_fastqc.html
[2020-08-20 08:49:10,234] multiqc                                            [DEBUG  ]  File ignored by rseqc/bam_stat because it exceeded search pattern filesize limit: ERR299171_2_fastqc.html
[2020-08-20 08:49:10,234] multiqc                                            [DEBUG  ]  File ignored by rseqc/junction_annotation because it exceeded search pattern filesize limit: ERR299171_2_fastqc.html
[2020-08-20 08:49:10,234] multiqc                                            [DEBUG  ]  File ignored by rseqc/read_distribution because it exceeded search pattern filesize limit: ERR299171_2_fastqc.html
[2020-08-20 08:49:10,234] multiqc                                            [DEBUG  ]  File ignored by rseqc/infer_experiment because it exceeded search pattern filesize limit: ERR299171_2_fastqc.html
[2020-08-20 08:49:10,271] multiqc                                            [DEBUG  ]  Ignoring file as matched an ignore pattern: ERR349740_2.fastq.gz
[2020-08-20 08:49:10,272] multiqc                                            [DEBUG  ]  Ignoring file as matched an ignore pattern: ERR299173_1.fastq.gz
[2020-08-20 08:49:10,287] multiqc                                            [DEBUG  ]  Ignoring file as matched an ignore pattern: ERR299168_1.fastq.gz
[2020-08-20 08:49:10,288] multiqc                                            [DEBUG  ]  Ignoring file as matched an ignore pattern: ERR349739_2.fastq.gz
[2020-08-20 08:49:10,288] multiqc                                            [DEBUG  ]  Ignoring file as matched an ignore pattern: ERR299178_2.fastq.gz
[2020-08-20 08:49:10,288] multiqc                                            [DEBUG  ]  Ignoring file as matched an ignore pattern: ERR299174_1.fastq.gz
[2020-08-20 08:49:10,297] multiqc                                            [DEBUG  ]  File ignored by hicexplorer because it exceeded search pattern filesize limit: ERR299171_1_fastqc.html
[2020-08-20 08:49:10,298] multiqc                                            [DEBUG  ]  File ignored by longranger/invocation because it exceeded search pattern filesize limit: ERR299171_1_fastqc.html
[2020-08-20 08:49:10,298] multiqc                                            [DEBUG  ]  File ignored by rockhopper because it exceeded search pattern filesize limit: ERR299171_1_fastqc.html
[2020-08-20 08:49:10,298] multiqc                                            [DEBUG  ]  File ignored by rseqc/bam_stat because it exceeded search pattern filesize limit: ERR299171_1_fastqc.html
[2020-08-20 08:49:10,299] multiqc                                            [DEBUG  ]  File ignored by rseqc/junction_annotation because it exceeded search pattern filesize limit: ERR299171_1_fastqc.html
[2020-08-20 08:49:10,299] multiqc                                            [DEBUG  ]  File ignored by rseqc/read_distribution because it exceeded search pattern filesize limit: ERR299171_1_fastqc.html
[2020-08-20 08:49:10,299] multiqc                                            [DEBUG  ]  File ignored by rseqc/infer_experiment because it exceeded search pattern filesize limit: ERR299171_1_fastqc.html
[2020-08-20 08:49:10,334] multiqc                                            [DEBUG  ]  Ignoring file as matched an ignore pattern: ERR299169_2.fastq.gz
[2020-08-20 08:49:10,342] multiqc                                            [DEBUG  ]  File ignored by hicexplorer because it exceeded search pattern filesize limit: ERR299175_1_fastqc.html
[2020-08-20 08:49:10,344] multiqc                                            [DEBUG  ]  File ignored by longranger/invocation because it exceeded search pattern filesize limit: ERR299175_1_fastqc.html
[2020-08-20 08:49:10,344] multiqc                                            [DEBUG  ]  File ignored by rockhopper because it exceeded search pattern filesize limit: ERR299175_1_fastqc.html
[2020-08-20 08:49:10,344] multiqc                                            [DEBUG  ]  File ignored by rseqc/bam_stat because it exceeded search pattern filesize limit: ERR299175_1_fastqc.html
[2020-08-20 08:49:10,344] multiqc                                            [DEBUG  ]  File ignored by rseqc/junction_annotation because it exceeded search pattern filesize limit: ERR299175_1_fastqc.html
[2020-08-20 08:49:10,344] multiqc                                            [DEBUG  ]  File ignored by rseqc/read_distribution because it exceeded search pattern filesize limit: ERR299175_1_fastqc.html
[2020-08-20 08:49:10,344] multiqc                                            [DEBUG  ]  File ignored by rseqc/infer_experiment because it exceeded search pattern filesize limit: ERR299175_1_fastqc.html
[2020-08-20 08:49:10,391] multiqc                                            [DEBUG  ]  File ignored by hicexplorer because it exceeded search pattern filesize limit: ERR299168_2_fastqc.html
[2020-08-20 08:49:10,393] multiqc                                            [DEBUG  ]  File ignored by longranger/invocation because it exceeded search pattern filesize limit: ERR299168_2_fastqc.html
[2020-08-20 08:49:10,393] multiqc                                            [DEBUG  ]  File ignored by rockhopper because it exceeded search pattern filesize limit: ERR299168_2_fastqc.html
[2020-08-20 08:49:10,393] multiqc                                            [DEBUG  ]  File ignored by rseqc/bam_stat because it exceeded search pattern filesize limit: ERR299168_2_fastqc.html
[2020-08-20 08:49:10,394] multiqc                                            [DEBUG  ]  File ignored by rseqc/junction_annotation because it exceeded search pattern filesize limit: ERR299168_2_fastqc.html
[2020-08-20 08:49:10,394] multiqc                                            [DEBUG  ]  File ignored by rseqc/read_distribution because it exceeded search pattern filesize limit: ERR299168_2_fastqc.html
[2020-08-20 08:49:10,394] multiqc                                            [DEBUG  ]  File ignored by rseqc/infer_experiment because it exceeded search pattern filesize limit: ERR299168_2_fastqc.html
[2020-08-20 08:49:10,431] multiqc                                            [DEBUG  ]  Ignoring file as matched an ignore pattern: ERR299179_1.fastq.gz
[2020-08-20 08:49:10,432] multiqc                                            [DEBUG  ]  Ignoring file as matched an ignore pattern: ERR299175_2.fastq.gz
[2020-08-20 08:49:10,439] multiqc                                            [DEBUG  ]  File ignored by hicexplorer because it exceeded search pattern filesize limit: ERR299172_1_fastqc.html
[2020-08-20 08:49:10,440] multiqc                                            [DEBUG  ]  File ignored by longranger/invocation because it exceeded search pattern filesize limit: ERR299172_1_fastqc.html
[2020-08-20 08:49:10,440] multiqc                                            [DEBUG  ]  File ignored by rockhopper because it exceeded search pattern filesize limit: ERR299172_1_fastqc.html
[2020-08-20 08:49:10,440] multiqc                                            [DEBUG  ]  File ignored by rseqc/bam_stat because it exceeded search pattern filesize limit: ERR299172_1_fastqc.html
[2020-08-20 08:49:10,440] multiqc                                            [DEBUG  ]  File ignored by rseqc/junction_annotation because it exceeded search pattern filesize limit: ERR299172_1_fastqc.html
[2020-08-20 08:49:10,440] multiqc                                            [DEBUG  ]  File ignored by rseqc/read_distribution because it exceeded search pattern filesize limit: ERR299172_1_fastqc.html
[2020-08-20 08:49:10,441] multiqc                                            [DEBUG  ]  File ignored by rseqc/infer_experiment because it exceeded search pattern filesize limit: ERR299172_1_fastqc.html
[2020-08-20 08:49:10,476] multiqc                                            [DEBUG  ]  Ignoring file as matched an ignore pattern: ERR225784_2.fastq.gz
[2020-08-20 08:49:10,488] multiqc                                            [DEBUG  ]  File ignored by hicexplorer because it exceeded search pattern filesize limit: ERR299178_2_fastqc.html
[2020-08-20 08:49:10,490] multiqc                                            [DEBUG  ]  File ignored by longranger/invocation because it exceeded search pattern filesize limit: ERR299178_2_fastqc.html
[2020-08-20 08:49:10,490] multiqc                                            [DEBUG  ]  File ignored by rockhopper because it exceeded search pattern filesize limit: ERR299178_2_fastqc.html
[2020-08-20 08:49:10,490] multiqc                                            [DEBUG  ]  File ignored by rseqc/bam_stat because it exceeded search pattern filesize limit: ERR299178_2_fastqc.html
[2020-08-20 08:49:10,490] multiqc                                            [DEBUG  ]  File ignored by rseqc/junction_annotation because it exceeded search pattern filesize limit: ERR299178_2_fastqc.html
[2020-08-20 08:49:10,490] multiqc                                            [DEBUG  ]  File ignored by rseqc/read_distribution because it exceeded search pattern filesize limit: ERR299178_2_fastqc.html
[2020-08-20 08:49:10,491] multiqc                                            [DEBUG  ]  File ignored by rseqc/infer_experiment because it exceeded search pattern filesize limit: ERR299178_2_fastqc.html
[2020-08-20 08:49:10,539] multiqc                                            [DEBUG  ]  File ignored by hicexplorer because it exceeded search pattern filesize limit: ERR299176_1_fastqc.html
[2020-08-20 08:49:10,540] multiqc                                            [DEBUG  ]  File ignored by longranger/invocation because it exceeded search pattern filesize limit: ERR299176_1_fastqc.html
[2020-08-20 08:49:10,540] multiqc                                            [DEBUG  ]  File ignored by rockhopper because it exceeded search pattern filesize limit: ERR299176_1_fastqc.html
[2020-08-20 08:49:10,540] multiqc                                            [DEBUG  ]  File ignored by rseqc/bam_stat because it exceeded search pattern filesize limit: ERR299176_1_fastqc.html
[2020-08-20 08:49:10,540] multiqc                                            [DEBUG  ]  File ignored by rseqc/junction_annotation because it exceeded search pattern filesize limit: ERR299176_1_fastqc.html
[2020-08-20 08:49:10,540] multiqc                                            [DEBUG  ]  File ignored by rseqc/read_distribution because it exceeded search pattern filesize limit: ERR299176_1_fastqc.html
[2020-08-20 08:49:10,540] multiqc                                            [DEBUG  ]  File ignored by rseqc/infer_experiment because it exceeded search pattern filesize limit: ERR299176_1_fastqc.html
[2020-08-20 08:49:10,579] multiqc                                            [DEBUG  ]  Ignoring file as matched an ignore pattern: ERR299170_2.fastq.gz
[2020-08-20 08:49:10,580] multiqc                                            [DEBUG  ]  Ignoring file as matched an ignore pattern: ERR299171_1.fastq.gz
[2020-08-20 08:49:10,589] multiqc                                            [DEBUG  ]  File ignored by hicexplorer because it exceeded search pattern filesize limit: ERR225783_1_fastqc.html
[2020-08-20 08:49:10,591] multiqc                                            [DEBUG  ]  File ignored by longranger/invocation because it exceeded search pattern filesize limit: ERR225783_1_fastqc.html
[2020-08-20 08:49:10,591] multiqc                                            [DEBUG  ]  File ignored by rockhopper because it exceeded search pattern filesize limit: ERR225783_1_fastqc.html
[2020-08-20 08:49:10,591] multiqc                                            [DEBUG  ]  File ignored by rseqc/bam_stat because it exceeded search pattern filesize limit: ERR225783_1_fastqc.html
[2020-08-20 08:49:10,591] multiqc                                            [DEBUG  ]  File ignored by rseqc/junction_annotation because it exceeded search pattern filesize limit: ERR225783_1_fastqc.html
[2020-08-20 08:49:10,591] multiqc                                            [DEBUG  ]  File ignored by rseqc/read_distribution because it exceeded search pattern filesize limit: ERR225783_1_fastqc.html
[2020-08-20 08:49:10,591] multiqc                                            [DEBUG  ]  File ignored by rseqc/infer_experiment because it exceeded search pattern filesize limit: ERR225783_1_fastqc.html
[2020-08-20 08:49:10,630] multiqc                                            [DEBUG  ]  Ignoring file as matched an ignore pattern: ERR349740_1.fastq.gz
[2020-08-20 08:49:10,638] multiqc                                            [DEBUG  ]  File ignored by hicexplorer because it exceeded search pattern filesize limit: ERR299177_1_fastqc.html
[2020-08-20 08:49:10,640] multiqc                                            [DEBUG  ]  File ignored by longranger/invocation because it exceeded search pattern filesize limit: ERR299177_1_fastqc.html
[2020-08-20 08:49:10,640] multiqc                                            [DEBUG  ]  File ignored by rockhopper because it exceeded search pattern filesize limit: ERR299177_1_fastqc.html
[2020-08-20 08:49:10,640] multiqc                                            [DEBUG  ]  File ignored by rseqc/bam_stat because it exceeded search pattern filesize limit: ERR299177_1_fastqc.html
[2020-08-20 08:49:10,640] multiqc                                            [DEBUG  ]  File ignored by rseqc/junction_annotation because it exceeded search pattern filesize limit: ERR299177_1_fastqc.html
[2020-08-20 08:49:10,640] multiqc                                            [DEBUG  ]  File ignored by rseqc/read_distribution because it exceeded search pattern filesize limit: ERR299177_1_fastqc.html
[2020-08-20 08:49:10,640] multiqc                                            [DEBUG  ]  File ignored by rseqc/infer_experiment because it exceeded search pattern filesize limit: ERR299177_1_fastqc.html
[2020-08-20 08:49:10,687] multiqc                                            [DEBUG  ]  File ignored by hicexplorer because it exceeded search pattern filesize limit: ERR349740_1_fastqc.html
[2020-08-20 08:49:10,689] multiqc                                            [DEBUG  ]  File ignored by longranger/invocation because it exceeded search pattern filesize limit: ERR349740_1_fastqc.html
[2020-08-20 08:49:10,689] multiqc                                            [DEBUG  ]  File ignored by rockhopper because it exceeded search pattern filesize limit: ERR349740_1_fastqc.html
[2020-08-20 08:49:10,689] multiqc                                            [DEBUG  ]  File ignored by rseqc/bam_stat because it exceeded search pattern filesize limit: ERR349740_1_fastqc.html
[2020-08-20 08:49:10,689] multiqc                                            [DEBUG  ]  File ignored by rseqc/junction_annotation because it exceeded search pattern filesize limit: ERR349740_1_fastqc.html
[2020-08-20 08:49:10,689] multiqc                                            [DEBUG  ]  File ignored by rseqc/read_distribution because it exceeded search pattern filesize limit: ERR349740_1_fastqc.html
[2020-08-20 08:49:10,689] multiqc                                            [DEBUG  ]  File ignored by rseqc/infer_experiment because it exceeded search pattern filesize limit: ERR349740_1_fastqc.html
[2020-08-20 08:49:10,726] multiqc                                            [DEBUG  ]  Ignoring file as matched an ignore pattern: ERR299173_2.fastq.gz
[2020-08-20 08:49:10,742] multiqc                                            [DEBUG  ]  File ignored by hicexplorer because it exceeded search pattern filesize limit: ERR299179_2_fastqc.html
[2020-08-20 08:49:10,743] multiqc                                            [DEBUG  ]  File ignored by longranger/invocation because it exceeded search pattern filesize limit: ERR299179_2_fastqc.html
[2020-08-20 08:49:10,743] multiqc                                            [DEBUG  ]  File ignored by rockhopper because it exceeded search pattern filesize limit: ERR299179_2_fastqc.html
[2020-08-20 08:49:10,744] multiqc                                            [DEBUG  ]  File ignored by rseqc/bam_stat because it exceeded search pattern filesize limit: ERR299179_2_fastqc.html
[2020-08-20 08:49:10,744] multiqc                                            [DEBUG  ]  File ignored by rseqc/junction_annotation because it exceeded search pattern filesize limit: ERR299179_2_fastqc.html
[2020-08-20 08:49:10,744] multiqc                                            [DEBUG  ]  File ignored by rseqc/read_distribution because it exceeded search pattern filesize limit: ERR299179_2_fastqc.html
[2020-08-20 08:49:10,744] multiqc                                            [DEBUG  ]  File ignored by rseqc/infer_experiment because it exceeded search pattern filesize limit: ERR299179_2_fastqc.html
[2020-08-20 08:49:10,786] multiqc                                            [DEBUG  ]  File ignored by hicexplorer because it exceeded search pattern filesize limit: ERR299173_1_fastqc.html
[2020-08-20 08:49:10,788] multiqc                                            [DEBUG  ]  File ignored by longranger/invocation because it exceeded search pattern filesize limit: ERR299173_1_fastqc.html
[2020-08-20 08:49:10,788] multiqc                                            [DEBUG  ]  File ignored by rockhopper because it exceeded search pattern filesize limit: ERR299173_1_fastqc.html
[2020-08-20 08:49:10,788] multiqc                                            [DEBUG  ]  File ignored by rseqc/bam_stat because it exceeded search pattern filesize limit: ERR299173_1_fastqc.html
[2020-08-20 08:49:10,788] multiqc                                            [DEBUG  ]  File ignored by rseqc/junction_annotation because it exceeded search pattern filesize limit: ERR299173_1_fastqc.html
[2020-08-20 08:49:10,788] multiqc                                            [DEBUG  ]  File ignored by rseqc/read_distribution because it exceeded search pattern filesize limit: ERR299173_1_fastqc.html
[2020-08-20 08:49:10,788] multiqc                                            [DEBUG  ]  File ignored by rseqc/infer_experiment because it exceeded search pattern filesize limit: ERR299173_1_fastqc.html
[2020-08-20 08:49:10,826] multiqc                                            [DEBUG  ]  Ignoring file as matched an ignore pattern: ERR299172_1.fastq.gz
[2020-08-20 08:49:10,835] multiqc                                            [DEBUG  ]  File ignored by hicexplorer because it exceeded search pattern filesize limit: ERR349739_2_fastqc.html
[2020-08-20 08:49:10,836] multiqc                                            [DEBUG  ]  File ignored by longranger/invocation because it exceeded search pattern filesize limit: ERR349739_2_fastqc.html
[2020-08-20 08:49:10,836] multiqc                                            [DEBUG  ]  File ignored by rockhopper because it exceeded search pattern filesize limit: ERR349739_2_fastqc.html
[2020-08-20 08:49:10,836] multiqc                                            [DEBUG  ]  File ignored by rseqc/bam_stat because it exceeded search pattern filesize limit: ERR349739_2_fastqc.html
[2020-08-20 08:49:10,837] multiqc                                            [DEBUG  ]  File ignored by rseqc/junction_annotation because it exceeded search pattern filesize limit: ERR349739_2_fastqc.html
[2020-08-20 08:49:10,837] multiqc                                            [DEBUG  ]  File ignored by rseqc/read_distribution because it exceeded search pattern filesize limit: ERR349739_2_fastqc.html
[2020-08-20 08:49:10,837] multiqc                                            [DEBUG  ]  File ignored by rseqc/infer_experiment because it exceeded search pattern filesize limit: ERR349739_2_fastqc.html
[2020-08-20 08:49:10,882] multiqc                                            [DEBUG  ]  Ignoring file as matched an ignore pattern: ERR299177_1.fastq.gz
[2020-08-20 08:49:10,890] multiqc                                            [DEBUG  ]  Ignoring file as matched an ignore pattern: ERR225783_1.fastq.gz
[2020-08-20 08:49:10,890] multiqc                                            [DEBUG  ]  Ignoring file as matched an ignore pattern: strongyloides_ratti.PRJEB125.WBPS14.mRNA_transcripts.fa
[2020-08-20 08:49:10,890] multiqc                                            [DEBUG  ]  Ignoring file as matched an ignore pattern: ERR299176_2.fastq.gz
[2020-08-20 08:49:10,899] multiqc                                            [DEBUG  ]  File ignored by hicexplorer because it exceeded search pattern filesize limit: ERR299169_2_fastqc.html
[2020-08-20 08:49:10,901] multiqc                                            [DEBUG  ]  File ignored by longranger/invocation because it exceeded search pattern filesize limit: ERR299169_2_fastqc.html
[2020-08-20 08:49:10,901] multiqc                                            [DEBUG  ]  File ignored by rockhopper because it exceeded search pattern filesize limit: ERR299169_2_fastqc.html
[2020-08-20 08:49:10,901] multiqc                                            [DEBUG  ]  File ignored by rseqc/bam_stat because it exceeded search pattern filesize limit: ERR299169_2_fastqc.html
[2020-08-20 08:49:10,901] multiqc                                            [DEBUG  ]  File ignored by rseqc/junction_annotation because it exceeded search pattern filesize limit: ERR299169_2_fastqc.html
[2020-08-20 08:49:10,901] multiqc                                            [DEBUG  ]  File ignored by rseqc/read_distribution because it exceeded search pattern filesize limit: ERR299169_2_fastqc.html
[2020-08-20 08:49:10,901] multiqc                                            [DEBUG  ]  File ignored by rseqc/infer_experiment because it exceeded search pattern filesize limit: ERR299169_2_fastqc.html
[2020-08-20 08:49:10,948] multiqc                                            [DEBUG  ]  File ignored by hicexplorer because it exceeded search pattern filesize limit: ERR299174_1_fastqc.html
[2020-08-20 08:49:10,950] multiqc                                            [DEBUG  ]  File ignored by longranger/invocation because it exceeded search pattern filesize limit: ERR299174_1_fastqc.html
[2020-08-20 08:49:10,950] multiqc                                            [DEBUG  ]  File ignored by rockhopper because it exceeded search pattern filesize limit: ERR299174_1_fastqc.html
[2020-08-20 08:49:10,950] multiqc                                            [DEBUG  ]  File ignored by rseqc/bam_stat because it exceeded search pattern filesize limit: ERR299174_1_fastqc.html
[2020-08-20 08:49:10,950] multiqc                                            [DEBUG  ]  File ignored by rseqc/junction_annotation because it exceeded search pattern filesize limit: ERR299174_1_fastqc.html
[2020-08-20 08:49:10,950] multiqc                                            [DEBUG  ]  File ignored by rseqc/read_distribution because it exceeded search pattern filesize limit: ERR299174_1_fastqc.html
[2020-08-20 08:49:10,950] multiqc                                            [DEBUG  ]  File ignored by rseqc/infer_experiment because it exceeded search pattern filesize limit: ERR299174_1_fastqc.html
[2020-08-20 08:49:11,002] multiqc                                            [DEBUG  ]  File ignored by hicexplorer because it exceeded search pattern filesize limit: ERR225784_1_fastqc.html
[2020-08-20 08:49:11,004] multiqc                                            [DEBUG  ]  File ignored by longranger/invocation because it exceeded search pattern filesize limit: ERR225784_1_fastqc.html
[2020-08-20 08:49:11,004] multiqc                                            [DEBUG  ]  File ignored by rockhopper because it exceeded search pattern filesize limit: ERR225784_1_fastqc.html
[2020-08-20 08:49:11,005] multiqc                                            [DEBUG  ]  File ignored by rseqc/bam_stat because it exceeded search pattern filesize limit: ERR225784_1_fastqc.html
[2020-08-20 08:49:11,005] multiqc                                            [DEBUG  ]  File ignored by rseqc/junction_annotation because it exceeded search pattern filesize limit: ERR225784_1_fastqc.html
[2020-08-20 08:49:11,005] multiqc                                            [DEBUG  ]  File ignored by rseqc/read_distribution because it exceeded search pattern filesize limit: ERR225784_1_fastqc.html
[2020-08-20 08:49:11,005] multiqc                                            [DEBUG  ]  File ignored by rseqc/infer_experiment because it exceeded search pattern filesize limit: ERR225784_1_fastqc.html
[2020-08-20 08:49:11,052] multiqc                                            [DEBUG  ]  File ignored by hicexplorer because it exceeded search pattern filesize limit: ERR299170_1_fastqc.html
[2020-08-20 08:49:11,054] multiqc                                            [DEBUG  ]  File ignored by longranger/invocation because it exceeded search pattern filesize limit: ERR299170_1_fastqc.html
[2020-08-20 08:49:11,054] multiqc                                            [DEBUG  ]  File ignored by rockhopper because it exceeded search pattern filesize limit: ERR299170_1_fastqc.html
[2020-08-20 08:49:11,054] multiqc                                            [DEBUG  ]  File ignored by rseqc/bam_stat because it exceeded search pattern filesize limit: ERR299170_1_fastqc.html
[2020-08-20 08:49:11,054] multiqc                                            [DEBUG  ]  File ignored by rseqc/junction_annotation because it exceeded search pattern filesize limit: ERR299170_1_fastqc.html
[2020-08-20 08:49:11,054] multiqc                                            [DEBUG  ]  File ignored by rseqc/read_distribution because it exceeded search pattern filesize limit: ERR299170_1_fastqc.html
[2020-08-20 08:49:11,054] multiqc                                            [DEBUG  ]  File ignored by rseqc/infer_experiment because it exceeded search pattern filesize limit: ERR299170_1_fastqc.html
[2020-08-20 08:49:11,100] multiqc                                            [DEBUG  ]  File ignored by hicexplorer because it exceeded search pattern filesize limit: ERR299170_2_fastqc.html
[2020-08-20 08:49:11,102] multiqc                                            [DEBUG  ]  File ignored by longranger/invocation because it exceeded search pattern filesize limit: ERR299170_2_fastqc.html
[2020-08-20 08:49:11,102] multiqc                                            [DEBUG  ]  File ignored by rockhopper because it exceeded search pattern filesize limit: ERR299170_2_fastqc.html
[2020-08-20 08:49:11,102] multiqc                                            [DEBUG  ]  File ignored by rseqc/bam_stat because it exceeded search pattern filesize limit: ERR299170_2_fastqc.html
[2020-08-20 08:49:11,102] multiqc                                            [DEBUG  ]  File ignored by rseqc/junction_annotation because it exceeded search pattern filesize limit: ERR299170_2_fastqc.html
[2020-08-20 08:49:11,102] multiqc                                            [DEBUG  ]  File ignored by rseqc/read_distribution because it exceeded search pattern filesize limit: ERR299170_2_fastqc.html
[2020-08-20 08:49:11,102] multiqc                                            [DEBUG  ]  File ignored by rseqc/infer_experiment because it exceeded search pattern filesize limit: ERR299170_2_fastqc.html
[2020-08-20 08:49:11,148] multiqc                                            [DEBUG  ]  File ignored by hicexplorer because it exceeded search pattern filesize limit: ERR225784_2_fastqc.html
[2020-08-20 08:49:11,149] multiqc                                            [DEBUG  ]  File ignored by longranger/invocation because it exceeded search pattern filesize limit: ERR225784_2_fastqc.html
[2020-08-20 08:49:11,149] multiqc                                            [DEBUG  ]  File ignored by rockhopper because it exceeded search pattern filesize limit: ERR225784_2_fastqc.html
[2020-08-20 08:49:11,149] multiqc                                            [DEBUG  ]  File ignored by rseqc/bam_stat because it exceeded search pattern filesize limit: ERR225784_2_fastqc.html
[2020-08-20 08:49:11,150] multiqc                                            [DEBUG  ]  File ignored by rseqc/junction_annotation because it exceeded search pattern filesize limit: ERR225784_2_fastqc.html
[2020-08-20 08:49:11,150] multiqc                                            [DEBUG  ]  File ignored by rseqc/read_distribution because it exceeded search pattern filesize limit: ERR225784_2_fastqc.html
[2020-08-20 08:49:11,150] multiqc                                            [DEBUG  ]  File ignored by rseqc/infer_experiment because it exceeded search pattern filesize limit: ERR225784_2_fastqc.html
[2020-08-20 08:49:11,197] multiqc                                            [DEBUG  ]  File ignored by hicexplorer because it exceeded search pattern filesize limit: ERR299174_2_fastqc.html
[2020-08-20 08:49:11,199] multiqc                                            [DEBUG  ]  File ignored by longranger/invocation because it exceeded search pattern filesize limit: ERR299174_2_fastqc.html
[2020-08-20 08:49:11,199] multiqc                                            [DEBUG  ]  File ignored by rockhopper because it exceeded search pattern filesize limit: ERR299174_2_fastqc.html
[2020-08-20 08:49:11,199] multiqc                                            [DEBUG  ]  File ignored by rseqc/bam_stat because it exceeded search pattern filesize limit: ERR299174_2_fastqc.html
[2020-08-20 08:49:11,199] multiqc                                            [DEBUG  ]  File ignored by rseqc/junction_annotation because it exceeded search pattern filesize limit: ERR299174_2_fastqc.html
[2020-08-20 08:49:11,199] multiqc                                            [DEBUG  ]  File ignored by rseqc/read_distribution because it exceeded search pattern filesize limit: ERR299174_2_fastqc.html
[2020-08-20 08:49:11,199] multiqc                                            [DEBUG  ]  File ignored by rseqc/infer_experiment because it exceeded search pattern filesize limit: ERR299174_2_fastqc.html
[2020-08-20 08:49:11,243] multiqc                                            [DEBUG  ]  File ignored by hicexplorer because it exceeded search pattern filesize limit: ERR299169_1_fastqc.html
[2020-08-20 08:49:11,245] multiqc                                            [DEBUG  ]  File ignored by longranger/invocation because it exceeded search pattern filesize limit: ERR299169_1_fastqc.html
[2020-08-20 08:49:11,245] multiqc                                            [DEBUG  ]  File ignored by rockhopper because it exceeded search pattern filesize limit: ERR299169_1_fastqc.html
[2020-08-20 08:49:11,245] multiqc                                            [DEBUG  ]  File ignored by rseqc/bam_stat because it exceeded search pattern filesize limit: ERR299169_1_fastqc.html
[2020-08-20 08:49:11,245] multiqc                                            [DEBUG  ]  File ignored by rseqc/junction_annotation because it exceeded search pattern filesize limit: ERR299169_1_fastqc.html
[2020-08-20 08:49:11,245] multiqc                                            [DEBUG  ]  File ignored by rseqc/read_distribution because it exceeded search pattern filesize limit: ERR299169_1_fastqc.html
[2020-08-20 08:49:11,245] multiqc                                            [DEBUG  ]  File ignored by rseqc/infer_experiment because it exceeded search pattern filesize limit: ERR299169_1_fastqc.html
[2020-08-20 08:49:11,282] multiqc                                            [DEBUG  ]  Ignoring file as matched an ignore pattern: ERR299171_2.fastq.gz
[2020-08-20 08:49:11,282] multiqc                                            [DEBUG  ]  Ignoring file as matched an ignore pattern: ERR225784_1.fastq.gz
[2020-08-20 08:49:11,300] multiqc                                            [DEBUG  ]  Ignoring file as matched an ignore pattern: ERR299170_1.fastq.gz
[2020-08-20 08:49:11,309] multiqc                                            [DEBUG  ]  File ignored by hicexplorer because it exceeded search pattern filesize limit: ERR349739_1_fastqc.html
[2020-08-20 08:49:11,311] multiqc                                            [DEBUG  ]  File ignored by longranger/invocation because it exceeded search pattern filesize limit: ERR349739_1_fastqc.html
[2020-08-20 08:49:11,311] multiqc                                            [DEBUG  ]  File ignored by rockhopper because it exceeded search pattern filesize limit: ERR349739_1_fastqc.html
[2020-08-20 08:49:11,311] multiqc                                            [DEBUG  ]  File ignored by rseqc/bam_stat because it exceeded search pattern filesize limit: ERR349739_1_fastqc.html
[2020-08-20 08:49:11,311] multiqc                                            [DEBUG  ]  File ignored by rseqc/junction_annotation because it exceeded search pattern filesize limit: ERR349739_1_fastqc.html
[2020-08-20 08:49:11,311] multiqc                                            [DEBUG  ]  File ignored by rseqc/read_distribution because it exceeded search pattern filesize limit: ERR349739_1_fastqc.html
[2020-08-20 08:49:11,311] multiqc                                            [DEBUG  ]  File ignored by rseqc/infer_experiment because it exceeded search pattern filesize limit: ERR349739_1_fastqc.html
[2020-08-20 08:49:11,354] multiqc                                            [DEBUG  ]  Ignoring file as matched an ignore pattern: ERR299169_1.fastq.gz
[2020-08-20 08:49:11,371] multiqc                                            [DEBUG  ]  Ignoring file as matched an ignore pattern: ERR299179_2.fastq.gz
[2020-08-20 08:49:11,371] multiqc                                            [DEBUG  ]  Ignoring file as matched an ignore pattern: ERR299175_1.fastq.gz
[2020-08-20 08:49:11,378] multiqc                                            [DEBUG  ]  File ignored by hicexplorer because it exceeded search pattern filesize limit: ERR299173_2_fastqc.html
[2020-08-20 08:49:11,379] multiqc                                            [DEBUG  ]  File ignored by longranger/invocation because it exceeded search pattern filesize limit: ERR299173_2_fastqc.html
[2020-08-20 08:49:11,379] multiqc                                            [DEBUG  ]  File ignored by rockhopper because it exceeded search pattern filesize limit: ERR299173_2_fastqc.html
[2020-08-20 08:49:11,379] multiqc                                            [DEBUG  ]  File ignored by rseqc/bam_stat because it exceeded search pattern filesize limit: ERR299173_2_fastqc.html
[2020-08-20 08:49:11,379] multiqc                                            [DEBUG  ]  File ignored by rseqc/junction_annotation because it exceeded search pattern filesize limit: ERR299173_2_fastqc.html
[2020-08-20 08:49:11,379] multiqc                                            [DEBUG  ]  File ignored by rseqc/read_distribution because it exceeded search pattern filesize limit: ERR299173_2_fastqc.html
[2020-08-20 08:49:11,380] multiqc                                            [DEBUG  ]  File ignored by rseqc/infer_experiment because it exceeded search pattern filesize limit: ERR299173_2_fastqc.html
[2020-08-20 08:49:11,416] multiqc                                            [DEBUG  ]  Ignoring file as matched an ignore pattern: ERR299168_2.fastq.gz
[2020-08-20 08:49:11,423] multiqc                                            [DEBUG  ]  File ignored by hicexplorer because it exceeded search pattern filesize limit: ERR299179_1_fastqc.html
[2020-08-20 08:49:11,425] multiqc                                            [DEBUG  ]  File ignored by longranger/invocation because it exceeded search pattern filesize limit: ERR299179_1_fastqc.html
[2020-08-20 08:49:11,425] multiqc                                            [DEBUG  ]  File ignored by rockhopper because it exceeded search pattern filesize limit: ERR299179_1_fastqc.html
[2020-08-20 08:49:11,425] multiqc                                            [DEBUG  ]  File ignored by rseqc/bam_stat because it exceeded search pattern filesize limit: ERR299179_1_fastqc.html
[2020-08-20 08:49:11,425] multiqc                                            [DEBUG  ]  File ignored by rseqc/junction_annotation because it exceeded search pattern filesize limit: ERR299179_1_fastqc.html
[2020-08-20 08:49:11,425] multiqc                                            [DEBUG  ]  File ignored by rseqc/read_distribution because it exceeded search pattern filesize limit: ERR299179_1_fastqc.html
[2020-08-20 08:49:11,425] multiqc                                            [DEBUG  ]  File ignored by rseqc/infer_experiment because it exceeded search pattern filesize limit: ERR299179_1_fastqc.html
[2020-08-20 08:49:11,462] multiqc                                            [DEBUG  ]  Ignoring file as matched an ignore pattern: ERR349739_1.fastq.gz
[2020-08-20 08:49:11,468] multiqc                                            [DEBUG  ]  File ignored by hicexplorer because it exceeded search pattern filesize limit: ERR349740_2_fastqc.html
[2020-08-20 08:49:11,470] multiqc                                            [DEBUG  ]  File ignored by longranger/invocation because it exceeded search pattern filesize limit: ERR349740_2_fastqc.html
[2020-08-20 08:49:11,470] multiqc                                            [DEBUG  ]  File ignored by rockhopper because it exceeded search pattern filesize limit: ERR349740_2_fastqc.html
[2020-08-20 08:49:11,470] multiqc                                            [DEBUG  ]  File ignored by rseqc/bam_stat because it exceeded search pattern filesize limit: ERR349740_2_fastqc.html
[2020-08-20 08:49:11,470] multiqc                                            [DEBUG  ]  File ignored by rseqc/junction_annotation because it exceeded search pattern filesize limit: ERR349740_2_fastqc.html
[2020-08-20 08:49:11,470] multiqc                                            [DEBUG  ]  File ignored by rseqc/read_distribution because it exceeded search pattern filesize limit: ERR349740_2_fastqc.html
[2020-08-20 08:49:11,470] multiqc                                            [DEBUG  ]  File ignored by rseqc/infer_experiment because it exceeded search pattern filesize limit: ERR349740_2_fastqc.html
[2020-08-20 08:49:11,516] multiqc                                            [DEBUG  ]  File ignored by hicexplorer because it exceeded search pattern filesize limit: ERR299177_2_fastqc.html
[2020-08-20 08:49:11,518] multiqc                                            [DEBUG  ]  File ignored by longranger/invocation because it exceeded search pattern filesize limit: ERR299177_2_fastqc.html
[2020-08-20 08:49:11,518] multiqc                                            [DEBUG  ]  File ignored by rockhopper because it exceeded search pattern filesize limit: ERR299177_2_fastqc.html
[2020-08-20 08:49:11,518] multiqc                                            [DEBUG  ]  File ignored by rseqc/bam_stat because it exceeded search pattern filesize limit: ERR299177_2_fastqc.html
[2020-08-20 08:49:11,518] multiqc                                            [DEBUG  ]  File ignored by rseqc/junction_annotation because it exceeded search pattern filesize limit: ERR299177_2_fastqc.html
[2020-08-20 08:49:11,518] multiqc                                            [DEBUG  ]  File ignored by rseqc/read_distribution because it exceeded search pattern filesize limit: ERR299177_2_fastqc.html
[2020-08-20 08:49:11,518] multiqc                                            [DEBUG  ]  File ignored by rseqc/infer_experiment because it exceeded search pattern filesize limit: ERR299177_2_fastqc.html
[2020-08-20 08:49:11,556] multiqc                                            [DEBUG  ]  Ignoring file as matched an ignore pattern: ERR299178_1.fastq.gz
[2020-08-20 08:49:11,556] multiqc                                            [DEBUG  ]  Ignoring file as matched an ignore pattern: ERR299174_2.fastq.gz
[2020-08-20 08:49:11,564] multiqc                                            [DEBUG  ]  File ignored by hicexplorer because it exceeded search pattern filesize limit: ERR225783_2_fastqc.html
[2020-08-20 08:49:11,566] multiqc                                            [DEBUG  ]  File ignored by longranger/invocation because it exceeded search pattern filesize limit: ERR225783_2_fastqc.html
[2020-08-20 08:49:11,566] multiqc                                            [DEBUG  ]  File ignored by rockhopper because it exceeded search pattern filesize limit: ERR225783_2_fastqc.html
[2020-08-20 08:49:11,566] multiqc                                            [DEBUG  ]  File ignored by rseqc/bam_stat because it exceeded search pattern filesize limit: ERR225783_2_fastqc.html
[2020-08-20 08:49:11,566] multiqc                                            [DEBUG  ]  File ignored by rseqc/junction_annotation because it exceeded search pattern filesize limit: ERR225783_2_fastqc.html
[2020-08-20 08:49:11,566] multiqc                                            [DEBUG  ]  File ignored by rseqc/read_distribution because it exceeded search pattern filesize limit: ERR225783_2_fastqc.html
[2020-08-20 08:49:11,566] multiqc                                            [DEBUG  ]  File ignored by rseqc/infer_experiment because it exceeded search pattern filesize limit: ERR225783_2_fastqc.html
[2020-08-20 08:49:11,609] multiqc                                            [DEBUG  ]  File ignored by longranger/invocation because it exceeded search pattern filesize limit: readMapping_sratti.sh
[2020-08-20 08:49:11,617] multiqc                                            [DEBUG  ]  File ignored by hicexplorer because it exceeded search pattern filesize limit: abundance.tsv
[2020-08-20 08:49:11,618] multiqc                                            [DEBUG  ]  File ignored by longranger/invocation because it exceeded search pattern filesize limit: abundance.tsv
[2020-08-20 08:49:11,618] multiqc                                            [DEBUG  ]  File ignored by rockhopper because it exceeded search pattern filesize limit: abundance.tsv
[2020-08-20 08:49:11,618] multiqc                                            [DEBUG  ]  File ignored by rseqc/bam_stat because it exceeded search pattern filesize limit: abundance.tsv
[2020-08-20 08:49:11,618] multiqc                                            [DEBUG  ]  File ignored by rseqc/junction_annotation because it exceeded search pattern filesize limit: abundance.tsv
[2020-08-20 08:49:11,618] multiqc                                            [DEBUG  ]  File ignored by rseqc/read_distribution because it exceeded search pattern filesize limit: abundance.tsv
[2020-08-20 08:49:11,619] multiqc                                            [DEBUG  ]  File ignored by rseqc/infer_experiment because it exceeded search pattern filesize limit: abundance.tsv
[2020-08-20 08:49:11,811] multiqc                                            [DEBUG  ]  File ignored by hicexplorer because it exceeded search pattern filesize limit: abundance.tsv
[2020-08-20 08:49:11,813] multiqc                                            [DEBUG  ]  File ignored by longranger/invocation because it exceeded search pattern filesize limit: abundance.tsv
[2020-08-20 08:49:11,813] multiqc                                            [DEBUG  ]  File ignored by rockhopper because it exceeded search pattern filesize limit: abundance.tsv
[2020-08-20 08:49:11,813] multiqc                                            [DEBUG  ]  File ignored by rseqc/bam_stat because it exceeded search pattern filesize limit: abundance.tsv
[2020-08-20 08:49:11,813] multiqc                                            [DEBUG  ]  File ignored by rseqc/junction_annotation because it exceeded search pattern filesize limit: abundance.tsv
[2020-08-20 08:49:11,813] multiqc                                            [DEBUG  ]  File ignored by rseqc/read_distribution because it exceeded search pattern filesize limit: abundance.tsv
[2020-08-20 08:49:11,813] multiqc                                            [DEBUG  ]  File ignored by rseqc/infer_experiment because it exceeded search pattern filesize limit: abundance.tsv
[2020-08-20 08:49:12,005] multiqc                                            [DEBUG  ]  File ignored by hicexplorer because it exceeded search pattern filesize limit: abundance.tsv
[2020-08-20 08:49:12,006] multiqc                                            [DEBUG  ]  File ignored by longranger/invocation because it exceeded search pattern filesize limit: abundance.tsv
[2020-08-20 08:49:12,213] multiqc                                            [DEBUG  ]  File ignored by hicexplorer because it exceeded search pattern filesize limit: abundance.tsv
[2020-08-20 08:49:12,214] multiqc                                            [DEBUG  ]  File ignored by longranger/invocation because it exceeded search pattern filesize limit: abundance.tsv
[2020-08-20 08:49:12,214] multiqc                                            [DEBUG  ]  File ignored by rockhopper because it exceeded search pattern filesize limit: abundance.tsv
[2020-08-20 08:49:12,214] multiqc                                            [DEBUG  ]  File ignored by rseqc/bam_stat because it exceeded search pattern filesize limit: abundance.tsv
[2020-08-20 08:49:12,215] multiqc                                            [DEBUG  ]  File ignored by rseqc/junction_annotation because it exceeded search pattern filesize limit: abundance.tsv
[2020-08-20 08:49:12,215] multiqc                                            [DEBUG  ]  File ignored by rseqc/read_distribution because it exceeded search pattern filesize limit: abundance.tsv
[2020-08-20 08:49:12,215] multiqc                                            [DEBUG  ]  File ignored by rseqc/infer_experiment because it exceeded search pattern filesize limit: abundance.tsv
[2020-08-20 08:49:12,409] multiqc                                            [DEBUG  ]  File ignored by hicexplorer because it exceeded search pattern filesize limit: abundance.tsv
[2020-08-20 08:49:12,410] multiqc                                            [DEBUG  ]  File ignored by longranger/invocation because it exceeded search pattern filesize limit: abundance.tsv
[2020-08-20 08:49:12,410] multiqc                                            [DEBUG  ]  File ignored by rockhopper because it exceeded search pattern filesize limit: abundance.tsv
[2020-08-20 08:49:12,410] multiqc                                            [DEBUG  ]  File ignored by rseqc/bam_stat because it exceeded search pattern filesize limit: abundance.tsv
[2020-08-20 08:49:12,410] multiqc                                            [DEBUG  ]  File ignored by rseqc/junction_annotation because it exceeded search pattern filesize limit: abundance.tsv
[2020-08-20 08:49:12,410] multiqc                                            [DEBUG  ]  File ignored by rseqc/read_distribution because it exceeded search pattern filesize limit: abundance.tsv
[2020-08-20 08:49:12,410] multiqc                                            [DEBUG  ]  File ignored by rseqc/infer_experiment because it exceeded search pattern filesize limit: abundance.tsv
[2020-08-20 08:49:12,604] multiqc                                            [DEBUG  ]  File ignored by hicexplorer because it exceeded search pattern filesize limit: abundance.tsv
[2020-08-20 08:49:12,605] multiqc                                            [DEBUG  ]  File ignored by longranger/invocation because it exceeded search pattern filesize limit: abundance.tsv
[2020-08-20 08:49:12,606] multiqc                                            [DEBUG  ]  File ignored by rockhopper because it exceeded search pattern filesize limit: abundance.tsv
[2020-08-20 08:49:12,606] multiqc                                            [DEBUG  ]  File ignored by rseqc/bam_stat because it exceeded search pattern filesize limit: abundance.tsv
[2020-08-20 08:49:12,606] multiqc                                            [DEBUG  ]  File ignored by rseqc/junction_annotation because it exceeded search pattern filesize limit: abundance.tsv
[2020-08-20 08:49:12,606] multiqc                                            [DEBUG  ]  File ignored by rseqc/read_distribution because it exceeded search pattern filesize limit: abundance.tsv
[2020-08-20 08:49:12,606] multiqc                                            [DEBUG  ]  File ignored by rseqc/infer_experiment because it exceeded search pattern filesize limit: abundance.tsv
[2020-08-20 08:49:12,801] multiqc                                            [DEBUG  ]  File ignored by hicexplorer because it exceeded search pattern filesize limit: abundance.tsv
[2020-08-20 08:49:12,802] multiqc                                            [DEBUG  ]  File ignored by longranger/invocation because it exceeded search pattern filesize limit: abundance.tsv
[2020-08-20 08:49:12,802] multiqc                                            [DEBUG  ]  File ignored by rockhopper because it exceeded search pattern filesize limit: abundance.tsv
[2020-08-20 08:49:12,802] multiqc                                            [DEBUG  ]  File ignored by rseqc/bam_stat because it exceeded search pattern filesize limit: abundance.tsv
[2020-08-20 08:49:12,802] multiqc                                            [DEBUG  ]  File ignored by rseqc/junction_annotation because it exceeded search pattern filesize limit: abundance.tsv
[2020-08-20 08:49:12,802] multiqc                                            [DEBUG  ]  File ignored by rseqc/read_distribution because it exceeded search pattern filesize limit: abundance.tsv
[2020-08-20 08:49:12,803] multiqc                                            [DEBUG  ]  File ignored by rseqc/infer_experiment because it exceeded search pattern filesize limit: abundance.tsv
[2020-08-20 08:49:12,993] multiqc                                            [DEBUG  ]  File ignored by hicexplorer because it exceeded search pattern filesize limit: abundance.tsv
[2020-08-20 08:49:12,994] multiqc                                            [DEBUG  ]  File ignored by longranger/invocation because it exceeded search pattern filesize limit: abundance.tsv
[2020-08-20 08:49:12,995] multiqc                                            [DEBUG  ]  File ignored by rockhopper because it exceeded search pattern filesize limit: abundance.tsv
[2020-08-20 08:49:12,995] multiqc                                            [DEBUG  ]  File ignored by rseqc/bam_stat because it exceeded search pattern filesize limit: abundance.tsv
[2020-08-20 08:49:12,995] multiqc                                            [DEBUG  ]  File ignored by rseqc/junction_annotation because it exceeded search pattern filesize limit: abundance.tsv
[2020-08-20 08:49:12,995] multiqc                                            [DEBUG  ]  File ignored by rseqc/read_distribution because it exceeded search pattern filesize limit: abundance.tsv
[2020-08-20 08:49:12,995] multiqc                                            [DEBUG  ]  File ignored by rseqc/infer_experiment because it exceeded search pattern filesize limit: abundance.tsv
[2020-08-20 08:49:13,185] multiqc                                            [DEBUG  ]  File ignored by hicexplorer because it exceeded search pattern filesize limit: abundance.tsv
[2020-08-20 08:49:13,187] multiqc                                            [DEBUG  ]  File ignored by longranger/invocation because it exceeded search pattern filesize limit: abundance.tsv
[2020-08-20 08:49:13,187] multiqc                                            [DEBUG  ]  File ignored by rockhopper because it exceeded search pattern filesize limit: abundance.tsv
[2020-08-20 08:49:13,187] multiqc                                            [DEBUG  ]  File ignored by rseqc/bam_stat because it exceeded search pattern filesize limit: abundance.tsv
[2020-08-20 08:49:13,187] multiqc                                            [DEBUG  ]  File ignored by rseqc/junction_annotation because it exceeded search pattern filesize limit: abundance.tsv
[2020-08-20 08:49:13,187] multiqc                                            [DEBUG  ]  File ignored by rseqc/read_distribution because it exceeded search pattern filesize limit: abundance.tsv
[2020-08-20 08:49:13,187] multiqc                                            [DEBUG  ]  File ignored by rseqc/infer_experiment because it exceeded search pattern filesize limit: abundance.tsv
[2020-08-20 08:49:13,377] multiqc                                            [DEBUG  ]  File ignored by hicexplorer because it exceeded search pattern filesize limit: abundance.tsv
[2020-08-20 08:49:13,379] multiqc                                            [DEBUG  ]  File ignored by longranger/invocation because it exceeded search pattern filesize limit: abundance.tsv
[2020-08-20 08:49:13,379] multiqc                                            [DEBUG  ]  File ignored by rockhopper because it exceeded search pattern filesize limit: abundance.tsv
[2020-08-20 08:49:13,379] multiqc                                            [DEBUG  ]  File ignored by rseqc/bam_stat because it exceeded search pattern filesize limit: abundance.tsv
[2020-08-20 08:49:13,379] multiqc                                            [DEBUG  ]  File ignored by rseqc/junction_annotation because it exceeded search pattern filesize limit: abundance.tsv
[2020-08-20 08:49:13,379] multiqc                                            [DEBUG  ]  File ignored by rseqc/read_distribution because it exceeded search pattern filesize limit: abundance.tsv
[2020-08-20 08:49:13,379] multiqc                                            [DEBUG  ]  File ignored by rseqc/infer_experiment because it exceeded search pattern filesize limit: abundance.tsv
[2020-08-20 08:49:13,564] multiqc                                            [DEBUG  ]  File ignored by hicexplorer because it exceeded search pattern filesize limit: abundance.tsv
[2020-08-20 08:49:13,566] multiqc                                            [DEBUG  ]  File ignored by longranger/invocation because it exceeded search pattern filesize limit: abundance.tsv
[2020-08-20 08:49:13,566] multiqc                                            [DEBUG  ]  File ignored by rockhopper because it exceeded search pattern filesize limit: abundance.tsv
[2020-08-20 08:49:13,566] multiqc                                            [DEBUG  ]  File ignored by rseqc/bam_stat because it exceeded search pattern filesize limit: abundance.tsv
[2020-08-20 08:49:13,566] multiqc                                            [DEBUG  ]  File ignored by rseqc/junction_annotation because it exceeded search pattern filesize limit: abundance.tsv
[2020-08-20 08:49:13,566] multiqc                                            [DEBUG  ]  File ignored by rseqc/read_distribution because it exceeded search pattern filesize limit: abundance.tsv
[2020-08-20 08:49:13,566] multiqc                                            [DEBUG  ]  File ignored by rseqc/infer_experiment because it exceeded search pattern filesize limit: abundance.tsv
[2020-08-20 08:49:13,757] multiqc                                            [DEBUG  ]  File ignored by hicexplorer because it exceeded search pattern filesize limit: abundance.tsv
[2020-08-20 08:49:13,759] multiqc                                            [DEBUG  ]  File ignored by longranger/invocation because it exceeded search pattern filesize limit: abundance.tsv
[2020-08-20 08:49:13,759] multiqc                                            [DEBUG  ]  File ignored by rockhopper because it exceeded search pattern filesize limit: abundance.tsv
[2020-08-20 08:49:13,759] multiqc                                            [DEBUG  ]  File ignored by rseqc/bam_stat because it exceeded search pattern filesize limit: abundance.tsv
[2020-08-20 08:49:13,759] multiqc                                            [DEBUG  ]  File ignored by rseqc/junction_annotation because it exceeded search pattern filesize limit: abundance.tsv
[2020-08-20 08:49:13,759] multiqc                                            [DEBUG  ]  File ignored by rseqc/read_distribution because it exceeded search pattern filesize limit: abundance.tsv
[2020-08-20 08:49:13,759] multiqc                                            [DEBUG  ]  File ignored by rseqc/infer_experiment because it exceeded search pattern filesize limit: abundance.tsv
[2020-08-20 08:49:13,954] multiqc                                            [DEBUG  ]  File ignored by hicexplorer because it exceeded search pattern filesize limit: abundance.tsv
[2020-08-20 08:49:13,956] multiqc                                            [DEBUG  ]  File ignored by longranger/invocation because it exceeded search pattern filesize limit: abundance.tsv
[2020-08-20 08:49:13,956] multiqc                                            [DEBUG  ]  File ignored by rockhopper because it exceeded search pattern filesize limit: abundance.tsv
[2020-08-20 08:49:13,956] multiqc                                            [DEBUG  ]  File ignored by rseqc/bam_stat because it exceeded search pattern filesize limit: abundance.tsv
[2020-08-20 08:49:13,956] multiqc                                            [DEBUG  ]  File ignored by rseqc/junction_annotation because it exceeded search pattern filesize limit: abundance.tsv
[2020-08-20 08:49:13,956] multiqc                                            [DEBUG  ]  File ignored by rseqc/read_distribution because it exceeded search pattern filesize limit: abundance.tsv
[2020-08-20 08:49:13,956] multiqc                                            [DEBUG  ]  File ignored by rseqc/infer_experiment because it exceeded search pattern filesize limit: abundance.tsv
[2020-08-20 08:49:14,146] multiqc                                            [DEBUG  ]  File ignored by hicexplorer because it exceeded search pattern filesize limit: abundance.tsv
[2020-08-20 08:49:14,148] multiqc                                            [DEBUG  ]  File ignored by longranger/invocation because it exceeded search pattern filesize limit: abundance.tsv
[2020-08-20 08:49:14,148] multiqc                                            [DEBUG  ]  File ignored by rockhopper because it exceeded search pattern filesize limit: abundance.tsv
[2020-08-20 08:49:14,148] multiqc                                            [DEBUG  ]  File ignored by rseqc/bam_stat because it exceeded search pattern filesize limit: abundance.tsv
[2020-08-20 08:49:14,148] multiqc                                            [DEBUG  ]  File ignored by rseqc/junction_annotation because it exceeded search pattern filesize limit: abundance.tsv
[2020-08-20 08:49:14,148] multiqc                                            [DEBUG  ]  File ignored by rseqc/read_distribution because it exceeded search pattern filesize limit: abundance.tsv
[2020-08-20 08:49:14,148] multiqc                                            [DEBUG  ]  File ignored by rseqc/infer_experiment because it exceeded search pattern filesize limit: abundance.tsv
[2020-08-20 08:49:15,180] multiqc.plots.bargraph                             [DEBUG  ]  Using matplotlib version 3.2.2
[2020-08-20 08:49:15,184] multiqc.plots.linegraph                            [DEBUG  ]  Using matplotlib version 3.2.2
[2020-08-20 08:49:15,187] multiqc                                            [DEBUG  ]  No samples found: custom_content
[2020-08-20 08:49:15,199] multiqc                                            [DEBUG  ]  No samples found: conpair
[2020-08-20 08:49:15,205] multiqc                                            [DEBUG  ]  No samples found: peddy
[2020-08-20 08:49:15,222] multiqc                                            [DEBUG  ]  No samples found: somalier
[2020-08-20 08:49:15,242] multiqc                                            [DEBUG  ]  No samples found: methylQA
[2020-08-20 08:49:15,277] multiqc                                            [DEBUG  ]  No samples found: mosdepth
[2020-08-20 08:49:15,295] multiqc                                            [DEBUG  ]  No samples found: phantompeakqualtools
[2020-08-20 08:49:15,301] multiqc                                            [DEBUG  ]  No samples found: qualimap
[2020-08-20 08:49:15,322] multiqc                                            [DEBUG  ]  No samples found: preseq
[2020-08-20 08:49:15,337] multiqc                                            [DEBUG  ]  No samples found: quast
[2020-08-20 08:49:15,352] multiqc                                            [DEBUG  ]  No samples found: qorts
[2020-08-20 08:49:15,369] multiqc                                            [DEBUG  ]  No samples found: rna_seqc
[2020-08-20 08:49:15,379] multiqc                                            [DEBUG  ]  No samples found: rockhopper
[2020-08-20 08:49:15,385] multiqc                                            [DEBUG  ]  No samples found: rsem
[2020-08-20 08:49:15,457] multiqc                                            [DEBUG  ]  No samples found: rseqc
[2020-08-20 08:49:15,470] multiqc                                            [DEBUG  ]  No samples found: busco
[2020-08-20 08:49:15,481] multiqc                                            [DEBUG  ]  No samples found: goleft_indexcov
[2020-08-20 08:49:15,488] multiqc                                            [DEBUG  ]  No samples found: disambiguate
[2020-08-20 08:49:15,494] multiqc                                            [DEBUG  ]  No samples found: supernova
[2020-08-20 08:49:15,524] multiqc                                            [DEBUG  ]  No samples found: deeptools
[2020-08-20 08:49:15,535] multiqc                                            [DEBUG  ]  No samples found: sargasso
[2020-08-20 08:49:15,545] multiqc                                            [DEBUG  ]  No samples found: verifybamid
[2020-08-20 08:49:15,551] multiqc                                            [DEBUG  ]  No samples found: mirtrace
[2020-08-20 08:49:15,565] multiqc                                            [DEBUG  ]  No samples found: happy
[2020-08-20 08:49:15,582] multiqc                                            [DEBUG  ]  No samples found: mirtop
[2020-08-20 08:49:15,598] multiqc                                            [DEBUG  ]  No samples found: homer
[2020-08-20 08:49:15,605] multiqc                                            [DEBUG  ]  No samples found: macs2
[2020-08-20 08:49:15,616] multiqc                                            [DEBUG  ]  No samples found: theta2
[2020-08-20 08:49:15,621] multiqc                                            [DEBUG  ]  No samples found: snpeff
[2020-08-20 08:49:15,640] multiqc                                            [DEBUG  ]  No samples found: gatk
[2020-08-20 08:49:15,651] multiqc                                            [DEBUG  ]  No samples found: htseq
[2020-08-20 08:49:15,666] multiqc                                            [DEBUG  ]  No samples found: bcftools
[2020-08-20 08:49:15,673] multiqc                                            [DEBUG  ]  No samples found: featureCounts
[2020-08-20 08:49:15,690] multiqc                                            [DEBUG  ]  No samples found: fgbio
[2020-08-20 08:49:15,718] multiqc                                            [DEBUG  ]  No samples found: dragen
[2020-08-20 08:49:15,730] multiqc                                            [DEBUG  ]  No samples found: dedup
[2020-08-20 08:49:15,743] multiqc                                            [DEBUG  ]  No samples found: damageprofiler
[2020-08-20 08:49:15,795] multiqc                                            [DEBUG  ]  No samples found: biobambam2
[2020-08-20 08:49:15,806] multiqc                                            [DEBUG  ]  No samples found: mtnucratio
[2020-08-20 08:49:15,810] multiqc                                            [DEBUG  ]  No samples found: picard
[2020-08-20 08:49:15,821] multiqc                                            [DEBUG  ]  No samples found: prokka
[2020-08-20 08:49:15,833] multiqc                                            [DEBUG  ]  No samples found: samblaster
[2020-08-20 08:49:15,856] multiqc                                            [DEBUG  ]  No samples found: samtools
[2020-08-20 08:49:15,870] multiqc                                            [DEBUG  ]  No samples found: sexdeterrmine
[2020-08-20 08:49:15,884] multiqc                                            [DEBUG  ]  No samples found: bamtools
[2020-08-20 08:49:15,892] multiqc                                            [DEBUG  ]  No samples found: jellyfish
[2020-08-20 08:49:15,911] multiqc                                            [DEBUG  ]  No samples found: vcftools
[2020-08-20 08:49:15,918] multiqc                                            [DEBUG  ]  No samples found: longranger
[2020-08-20 08:49:15,924] multiqc                                            [DEBUG  ]  No samples found: stacks
[2020-08-20 08:49:15,929] multiqc                                            [DEBUG  ]  No samples found: varscan2
[2020-08-20 08:49:15,980] multiqc                                            [DEBUG  ]  No samples found: bbmap
[2020-08-20 08:49:15,989] multiqc                                            [DEBUG  ]  No samples found: bismark
[2020-08-20 08:49:15,996] multiqc                                            [DEBUG  ]  No samples found: biscuit
[2020-08-20 08:49:16,010] multiqc                                            [DEBUG  ]  No samples found: hicexplorer
[2020-08-20 08:49:16,022] multiqc                                            [DEBUG  ]  No samples found: hicup
[2020-08-20 08:49:16,029] multiqc                                            [DEBUG  ]  No samples found: hicpro
[2020-08-20 08:49:16,039] multiqc                                            [DEBUG  ]  No samples found: salmon
[2020-08-20 08:49:16,058] multiqc.modules.kallisto.kallisto                  [INFO   ]  Found 14 reports
[2020-08-20 08:49:16,068] multiqc                                            [DEBUG  ]  No samples found: slamdunk
[2020-08-20 08:49:16,078] multiqc                                            [DEBUG  ]  No samples found: star
[2020-08-20 08:49:16,086] multiqc                                            [DEBUG  ]  No samples found: hisat2
[2020-08-20 08:49:16,099] multiqc                                            [DEBUG  ]  No samples found: tophat
[2020-08-20 08:49:16,105] multiqc                                            [DEBUG  ]  No samples found: bowtie2
[2020-08-20 08:49:16,111] multiqc                                            [DEBUG  ]  No samples found: bowtie1
[2020-08-20 08:49:16,117] multiqc                                            [DEBUG  ]  No samples found: snpsplit
[2020-08-20 08:49:16,130] multiqc                                            [DEBUG  ]  No samples found: kat
[2020-08-20 08:49:16,138] multiqc                                            [DEBUG  ]  No samples found: leehom
[2020-08-20 08:49:16,145] multiqc                                            [DEBUG  ]  No samples found: adapterRemoval
[2020-08-20 08:49:16,149] multiqc                                            [DEBUG  ]  No samples found: clipandmerge
[2020-08-20 08:49:16,157] multiqc                                            [DEBUG  ]  No samples found: cutadapt
[2020-08-20 08:49:16,163] multiqc                                            [DEBUG  ]  No samples found: flexbar
[2020-08-20 08:49:16,168] multiqc                                            [DEBUG  ]  No samples found: kaiju
[2020-08-20 08:49:16,181] multiqc                                            [DEBUG  ]  No samples found: kraken
[2020-08-20 08:49:16,189] multiqc                                            [DEBUG  ]  No samples found: malt
[2020-08-20 08:49:16,196] multiqc                                            [DEBUG  ]  No samples found: trimmomatic
[2020-08-20 08:49:16,204] multiqc                                            [DEBUG  ]  No samples found: sickle
[2020-08-20 08:49:16,212] multiqc                                            [DEBUG  ]  No samples found: skewer
[2020-08-20 08:49:16,218] multiqc                                            [DEBUG  ]  No samples found: sortmerna
[2020-08-20 08:49:16,226] multiqc                                            [DEBUG  ]  No samples found: biobloomtools
[2020-08-20 08:49:16,234] multiqc                                            [DEBUG  ]  No samples found: fastq_screen
[2020-08-20 08:49:16,241] multiqc                                            [DEBUG  ]  No samples found: afterqc
[2020-08-20 08:49:16,248] multiqc                                            [DEBUG  ]  No samples found: fastp
[2020-08-20 08:49:16,784] multiqc.modules.fastqc.fastqc                      [INFO   ]  Found 32 reports
[2020-08-20 08:49:17,127] multiqc                                            [DEBUG  ]  No samples found: pycoqc
[2020-08-20 08:49:17,133] multiqc                                            [DEBUG  ]  No samples found: minionqc
[2020-08-20 08:49:17,146] multiqc                                            [DEBUG  ]  No samples found: multivcfanalyzer
[2020-08-20 08:49:17,154] multiqc                                            [DEBUG  ]  No samples found: clusterflow
[2020-08-20 08:49:17,161] multiqc                                            [DEBUG  ]  No samples found: bcl2fastq
[2020-08-20 08:49:17,168] multiqc                                            [DEBUG  ]  No samples found: interop
[2020-08-20 08:49:17,174] multiqc                                            [DEBUG  ]  No samples found: ivar
[2020-08-20 08:49:17,179] multiqc                                            [DEBUG  ]  No samples found: flash
[2020-08-20 08:49:17,193] multiqc                                            [DEBUG  ]  No samples found: seqyclean
[2020-08-20 08:49:17,243] multiqc                                            [INFO   ]  Compressing plot data
[2020-08-20 08:49:17,647] multiqc                                            [INFO   ]  Report      : multiqc_report.html
[2020-08-20 08:49:17,647] multiqc                                            [INFO   ]  Data        : multiqc_data
[2020-08-20 08:49:17,647] multiqc                                            [DEBUG  ]  Moving data file from '/var/folders/xg/4ps290nj7qgb4xc5p53nkssc0000gn/T/tmp083elyoa/multiqc_data' to '/Users/astrasb/Documents/RStudio/Strongyloides_Bioinformatics/Data/S_ratti/Reads/multiqc_data'
[2020-08-20 08:49:18,214] multiqc                                            [INFO   ]  MultiQC complete
