[2020-09-11 15:24:42,046] multiqc                                            [DEBUG  ]  No MultiQC config found: /Users/astrasb/.pyenv/versions/3.7.3/lib/python3.7/site-packages/multiqc_config.yaml
[2020-09-11 15:24:42,046] multiqc                                            [DEBUG  ]  No MultiQC config found: /Users/astrasb/.multiqc_config.yaml
[2020-09-11 15:24:42,046] multiqc                                            [DEBUG  ]  No MultiQC config found: multiqc_config.yaml
[2020-09-11 15:24:42,046] multiqc                                            [DEBUG  ]  Command used: /Users/astrasb/.pyenv/versions/3.7.3/bin/multiqc -d .
[2020-09-11 15:24:43,134] multiqc                                            [DEBUG  ]  Latest MultiQC version is v1.9
[2020-09-11 15:24:43,134] multiqc                                            [INFO   ]  This is MultiQC v1.9
[2020-09-11 15:24:43,135] multiqc                                            [DEBUG  ]  Command     : /Users/astrasb/.pyenv/versions/3.7.3/bin/multiqc -d .
[2020-09-11 15:24:43,135] multiqc                                            [DEBUG  ]  Working dir : /Users/astrasb/Documents/RStudio/Strongyloides_Bioinformatics/Data/S_papillosus/Reads
[2020-09-11 15:24:43,135] multiqc                                            [INFO   ]  Template    : default
[2020-09-11 15:24:43,135] multiqc                                            [DEBUG  ]  Running Python 3.7.3 (default, Jun 19 2020, 11:34:17)  [Clang 11.0.3 (clang-1103.0.32.29)]
[2020-09-11 15:24:43,135] multiqc                                            [INFO   ]  Prepending directory to sample names
[2020-09-11 15:24:43,135] multiqc                                            [INFO   ]  Searching   : /Users/astrasb/Documents/RStudio/Strongyloides_Bioinformatics/Data/S_papillosus/Reads
[2020-09-11 15:24:43,136] multiqc                                            [DEBUG  ]  Analysing modules: custom_content, conpair, peddy, somalier, methylQA, mosdepth, phantompeakqualtools, qualimap, preseq, quast, qorts, rna_seqc, rockhopper, rsem, rseqc, busco, goleft_indexcov, disambiguate, supernova, deeptools, sargasso, verifybamid, mirtrace, happy, mirtop, homer, macs2, theta2, snpeff, gatk, htseq, bcftools, featureCounts, fgbio, dragen, dedup, damageprofiler, biobambam2, mtnucratio, picard, prokka, samblaster, samtools, sexdeterrmine, bamtools, jellyfish, vcftools, longranger, stacks, varscan2, bbmap, bismark, biscuit, hicexplorer, hicup, hicpro, salmon, kallisto, slamdunk, star, hisat2, tophat, bowtie2, bowtie1, snpsplit, kat, leehom, adapterRemoval, clipandmerge, cutadapt, flexbar, kaiju, kraken, malt, trimmomatic, sickle, skewer, sortmerna, biobloomtools, fastq_screen, afterqc, fastp, fastqc, pycoqc, minionqc, multivcfanalyzer, clusterflow, bcl2fastq, interop, ivar, flash, seqyclean
[2020-09-11 15:24:43,136] multiqc                                            [DEBUG  ]  Using temporary directory for creating report: /var/folders/xg/4ps290nj7qgb4xc5p53nkssc0000gn/T/tmp3qs6l35k
[2020-09-11 15:24:43,177] multiqc                                            [DEBUG  ]  Ignoring file as matched an ignore pattern: ERR1466831_1.fastq.gz
[2020-09-11 15:24:43,198] multiqc                                            [DEBUG  ]  File ignored by hicexplorer because it exceeded search pattern filesize limit: ERR1466829_2_fastqc.html
[2020-09-11 15:24:43,200] multiqc                                            [DEBUG  ]  File ignored by longranger/invocation because it exceeded search pattern filesize limit: ERR1466829_2_fastqc.html
[2020-09-11 15:24:43,201] multiqc                                            [DEBUG  ]  File ignored by rockhopper because it exceeded search pattern filesize limit: ERR1466829_2_fastqc.html
[2020-09-11 15:24:43,201] multiqc                                            [DEBUG  ]  File ignored by rseqc/bam_stat because it exceeded search pattern filesize limit: ERR1466829_2_fastqc.html
[2020-09-11 15:24:43,201] multiqc                                            [DEBUG  ]  File ignored by rseqc/junction_annotation because it exceeded search pattern filesize limit: ERR1466829_2_fastqc.html
[2020-09-11 15:24:43,201] multiqc                                            [DEBUG  ]  File ignored by rseqc/read_distribution because it exceeded search pattern filesize limit: ERR1466829_2_fastqc.html
[2020-09-11 15:24:43,201] multiqc                                            [DEBUG  ]  File ignored by rseqc/infer_experiment because it exceeded search pattern filesize limit: ERR1466829_2_fastqc.html
[2020-09-11 15:24:43,255] multiqc                                            [DEBUG  ]  File ignored by hicexplorer because it exceeded search pattern filesize limit: ERR1466834_1_fastqc.html
[2020-09-11 15:24:43,257] multiqc                                            [DEBUG  ]  File ignored by longranger/invocation because it exceeded search pattern filesize limit: ERR1466834_1_fastqc.html
[2020-09-11 15:24:43,257] multiqc                                            [DEBUG  ]  File ignored by rockhopper because it exceeded search pattern filesize limit: ERR1466834_1_fastqc.html
[2020-09-11 15:24:43,257] multiqc                                            [DEBUG  ]  File ignored by rseqc/bam_stat because it exceeded search pattern filesize limit: ERR1466834_1_fastqc.html
[2020-09-11 15:24:43,257] multiqc                                            [DEBUG  ]  File ignored by rseqc/junction_annotation because it exceeded search pattern filesize limit: ERR1466834_1_fastqc.html
[2020-09-11 15:24:43,257] multiqc                                            [DEBUG  ]  File ignored by rseqc/read_distribution because it exceeded search pattern filesize limit: ERR1466834_1_fastqc.html
[2020-09-11 15:24:43,257] multiqc                                            [DEBUG  ]  File ignored by rseqc/infer_experiment because it exceeded search pattern filesize limit: ERR1466834_1_fastqc.html
[2020-09-11 15:24:43,301] multiqc                                            [DEBUG  ]  Ignoring file as matched an ignore pattern: ERR1466830_2.fastq.gz
[2020-09-11 15:24:43,309] multiqc                                            [DEBUG  ]  File ignored by hicexplorer because it exceeded search pattern filesize limit: ERR1466830_1_fastqc.html
[2020-09-11 15:24:43,311] multiqc                                            [DEBUG  ]  File ignored by longranger/invocation because it exceeded search pattern filesize limit: ERR1466830_1_fastqc.html
[2020-09-11 15:24:43,311] multiqc                                            [DEBUG  ]  File ignored by rockhopper because it exceeded search pattern filesize limit: ERR1466830_1_fastqc.html
[2020-09-11 15:24:43,311] multiqc                                            [DEBUG  ]  File ignored by rseqc/bam_stat because it exceeded search pattern filesize limit: ERR1466830_1_fastqc.html
[2020-09-11 15:24:43,311] multiqc                                            [DEBUG  ]  File ignored by rseqc/junction_annotation because it exceeded search pattern filesize limit: ERR1466830_1_fastqc.html
[2020-09-11 15:24:43,311] multiqc                                            [DEBUG  ]  File ignored by rseqc/read_distribution because it exceeded search pattern filesize limit: ERR1466830_1_fastqc.html
[2020-09-11 15:24:43,311] multiqc                                            [DEBUG  ]  File ignored by rseqc/infer_experiment because it exceeded search pattern filesize limit: ERR1466830_1_fastqc.html
[2020-09-11 15:24:43,361] multiqc                                            [DEBUG  ]  File ignored by hicexplorer because it exceeded search pattern filesize limit: ERR1466827_1_fastqc.html
[2020-09-11 15:24:43,362] multiqc                                            [DEBUG  ]  File ignored by longranger/invocation because it exceeded search pattern filesize limit: ERR1466827_1_fastqc.html
[2020-09-11 15:24:43,362] multiqc                                            [DEBUG  ]  File ignored by rockhopper because it exceeded search pattern filesize limit: ERR1466827_1_fastqc.html
[2020-09-11 15:24:43,362] multiqc                                            [DEBUG  ]  File ignored by rseqc/bam_stat because it exceeded search pattern filesize limit: ERR1466827_1_fastqc.html
[2020-09-11 15:24:43,362] multiqc                                            [DEBUG  ]  File ignored by rseqc/junction_annotation because it exceeded search pattern filesize limit: ERR1466827_1_fastqc.html
[2020-09-11 15:24:43,362] multiqc                                            [DEBUG  ]  File ignored by rseqc/read_distribution because it exceeded search pattern filesize limit: ERR1466827_1_fastqc.html
[2020-09-11 15:24:43,362] multiqc                                            [DEBUG  ]  File ignored by rseqc/infer_experiment because it exceeded search pattern filesize limit: ERR1466827_1_fastqc.html
[2020-09-11 15:24:43,402] multiqc                                            [DEBUG  ]  Ignoring file as matched an ignore pattern: .DS_Store
[2020-09-11 15:24:43,402] multiqc                                            [DEBUG  ]  Ignoring file as matched an ignore pattern: ERR1466829_2.fastq.gz
[2020-09-11 15:24:43,412] multiqc                                            [DEBUG  ]  File ignored by hicexplorer because it exceeded search pattern filesize limit: ERR1466833_1_fastqc.html
[2020-09-11 15:24:43,414] multiqc                                            [DEBUG  ]  File ignored by longranger/invocation because it exceeded search pattern filesize limit: ERR1466833_1_fastqc.html
[2020-09-11 15:24:43,414] multiqc                                            [DEBUG  ]  File ignored by rockhopper because it exceeded search pattern filesize limit: ERR1466833_1_fastqc.html
[2020-09-11 15:24:43,414] multiqc                                            [DEBUG  ]  File ignored by rseqc/bam_stat because it exceeded search pattern filesize limit: ERR1466833_1_fastqc.html
[2020-09-11 15:24:43,414] multiqc                                            [DEBUG  ]  File ignored by rseqc/junction_annotation because it exceeded search pattern filesize limit: ERR1466833_1_fastqc.html
[2020-09-11 15:24:43,414] multiqc                                            [DEBUG  ]  File ignored by rseqc/read_distribution because it exceeded search pattern filesize limit: ERR1466833_1_fastqc.html
[2020-09-11 15:24:43,414] multiqc                                            [DEBUG  ]  File ignored by rseqc/infer_experiment because it exceeded search pattern filesize limit: ERR1466833_1_fastqc.html
[2020-09-11 15:24:43,452] multiqc                                            [DEBUG  ]  Ignoring file as matched an ignore pattern: ERR1466835_2.fastq.gz
[2020-09-11 15:24:43,452] multiqc                                            [DEBUG  ]  Ignoring file as matched an ignore pattern: ERR1466828_1.fastq.gz
[2020-09-11 15:24:43,452] multiqc                                            [DEBUG  ]  Ignoring file as matched an ignore pattern: ERR1466834_1.fastq.gz
[2020-09-11 15:24:43,461] multiqc                                            [DEBUG  ]  Ignoring file as matched an ignore pattern: ERR1466833_1.fastq.gz
[2020-09-11 15:24:43,469] multiqc                                            [DEBUG  ]  Ignoring file as matched an ignore pattern: ERR1466832_2.fastq.gz
[2020-09-11 15:24:43,477] multiqc                                            [DEBUG  ]  File ignored by hicexplorer because it exceeded search pattern filesize limit: ERR1466833_2_fastqc.html
[2020-09-11 15:24:43,479] multiqc                                            [DEBUG  ]  File ignored by longranger/invocation because it exceeded search pattern filesize limit: ERR1466833_2_fastqc.html
[2020-09-11 15:24:43,479] multiqc                                            [DEBUG  ]  File ignored by rockhopper because it exceeded search pattern filesize limit: ERR1466833_2_fastqc.html
[2020-09-11 15:24:43,479] multiqc                                            [DEBUG  ]  File ignored by rseqc/bam_stat because it exceeded search pattern filesize limit: ERR1466833_2_fastqc.html
[2020-09-11 15:24:43,479] multiqc                                            [DEBUG  ]  File ignored by rseqc/junction_annotation because it exceeded search pattern filesize limit: ERR1466833_2_fastqc.html
[2020-09-11 15:24:43,479] multiqc                                            [DEBUG  ]  File ignored by rseqc/read_distribution because it exceeded search pattern filesize limit: ERR1466833_2_fastqc.html
[2020-09-11 15:24:43,479] multiqc                                            [DEBUG  ]  File ignored by rseqc/infer_experiment because it exceeded search pattern filesize limit: ERR1466833_2_fastqc.html
[2020-09-11 15:24:43,521] multiqc                                            [DEBUG  ]  File ignored by longranger/invocation because it exceeded search pattern filesize limit: readMapping_spapillosus.sh
[2020-09-11 15:24:43,535] multiqc                                            [DEBUG  ]  File ignored by hicexplorer because it exceeded search pattern filesize limit: ERR1466830_2_fastqc.html
[2020-09-11 15:24:43,537] multiqc                                            [DEBUG  ]  File ignored by longranger/invocation because it exceeded search pattern filesize limit: ERR1466830_2_fastqc.html
[2020-09-11 15:24:43,537] multiqc                                            [DEBUG  ]  File ignored by rockhopper because it exceeded search pattern filesize limit: ERR1466830_2_fastqc.html
[2020-09-11 15:24:43,537] multiqc                                            [DEBUG  ]  File ignored by rseqc/bam_stat because it exceeded search pattern filesize limit: ERR1466830_2_fastqc.html
[2020-09-11 15:24:43,537] multiqc                                            [DEBUG  ]  File ignored by rseqc/junction_annotation because it exceeded search pattern filesize limit: ERR1466830_2_fastqc.html
[2020-09-11 15:24:43,537] multiqc                                            [DEBUG  ]  File ignored by rseqc/read_distribution because it exceeded search pattern filesize limit: ERR1466830_2_fastqc.html
[2020-09-11 15:24:43,537] multiqc                                            [DEBUG  ]  File ignored by rseqc/infer_experiment because it exceeded search pattern filesize limit: ERR1466830_2_fastqc.html
[2020-09-11 15:24:43,586] multiqc                                            [DEBUG  ]  File ignored by hicexplorer because it exceeded search pattern filesize limit: ERR1466827_2_fastqc.html
[2020-09-11 15:24:43,587] multiqc                                            [DEBUG  ]  File ignored by longranger/invocation because it exceeded search pattern filesize limit: ERR1466827_2_fastqc.html
[2020-09-11 15:24:43,587] multiqc                                            [DEBUG  ]  File ignored by rockhopper because it exceeded search pattern filesize limit: ERR1466827_2_fastqc.html
[2020-09-11 15:24:43,587] multiqc                                            [DEBUG  ]  File ignored by rseqc/bam_stat because it exceeded search pattern filesize limit: ERR1466827_2_fastqc.html
[2020-09-11 15:24:43,587] multiqc                                            [DEBUG  ]  File ignored by rseqc/junction_annotation because it exceeded search pattern filesize limit: ERR1466827_2_fastqc.html
[2020-09-11 15:24:43,588] multiqc                                            [DEBUG  ]  File ignored by rseqc/read_distribution because it exceeded search pattern filesize limit: ERR1466827_2_fastqc.html
[2020-09-11 15:24:43,588] multiqc                                            [DEBUG  ]  File ignored by rseqc/infer_experiment because it exceeded search pattern filesize limit: ERR1466827_2_fastqc.html
[2020-09-11 15:24:43,631] multiqc                                            [DEBUG  ]  File ignored by hicexplorer because it exceeded search pattern filesize limit: ERR1466834_2_fastqc.html
[2020-09-11 15:24:43,632] multiqc                                            [DEBUG  ]  File ignored by longranger/invocation because it exceeded search pattern filesize limit: ERR1466834_2_fastqc.html
[2020-09-11 15:24:43,632] multiqc                                            [DEBUG  ]  File ignored by rockhopper because it exceeded search pattern filesize limit: ERR1466834_2_fastqc.html
[2020-09-11 15:24:43,633] multiqc                                            [DEBUG  ]  File ignored by rseqc/bam_stat because it exceeded search pattern filesize limit: ERR1466834_2_fastqc.html
[2020-09-11 15:24:43,633] multiqc                                            [DEBUG  ]  File ignored by rseqc/junction_annotation because it exceeded search pattern filesize limit: ERR1466834_2_fastqc.html
[2020-09-11 15:24:43,633] multiqc                                            [DEBUG  ]  File ignored by rseqc/read_distribution because it exceeded search pattern filesize limit: ERR1466834_2_fastqc.html
[2020-09-11 15:24:43,633] multiqc                                            [DEBUG  ]  File ignored by rseqc/infer_experiment because it exceeded search pattern filesize limit: ERR1466834_2_fastqc.html
[2020-09-11 15:24:43,671] multiqc                                            [DEBUG  ]  Ignoring file as matched an ignore pattern: ERR1466827_1.fastq.gz
[2020-09-11 15:24:43,679] multiqc                                            [DEBUG  ]  File ignored by hicexplorer because it exceeded search pattern filesize limit: ERR1466829_1_fastqc.html
[2020-09-11 15:24:43,681] multiqc                                            [DEBUG  ]  File ignored by longranger/invocation because it exceeded search pattern filesize limit: ERR1466829_1_fastqc.html
[2020-09-11 15:24:43,681] multiqc                                            [DEBUG  ]  File ignored by rockhopper because it exceeded search pattern filesize limit: ERR1466829_1_fastqc.html
[2020-09-11 15:24:43,681] multiqc                                            [DEBUG  ]  File ignored by rseqc/bam_stat because it exceeded search pattern filesize limit: ERR1466829_1_fastqc.html
[2020-09-11 15:24:43,681] multiqc                                            [DEBUG  ]  File ignored by rseqc/junction_annotation because it exceeded search pattern filesize limit: ERR1466829_1_fastqc.html
[2020-09-11 15:24:43,681] multiqc                                            [DEBUG  ]  File ignored by rseqc/read_distribution because it exceeded search pattern filesize limit: ERR1466829_1_fastqc.html
[2020-09-11 15:24:43,681] multiqc                                            [DEBUG  ]  File ignored by rseqc/infer_experiment because it exceeded search pattern filesize limit: ERR1466829_1_fastqc.html
[2020-09-11 15:24:43,716] multiqc                                            [DEBUG  ]  Ignoring file as matched an ignore pattern: ERR1466836_1.fastq.gz
[2020-09-11 15:24:43,724] multiqc                                            [DEBUG  ]  File ignored by hicexplorer because it exceeded search pattern filesize limit: ERR1466828_1_fastqc.html
[2020-09-11 15:24:43,726] multiqc                                            [DEBUG  ]  File ignored by longranger/invocation because it exceeded search pattern filesize limit: ERR1466828_1_fastqc.html
[2020-09-11 15:24:43,726] multiqc                                            [DEBUG  ]  File ignored by rockhopper because it exceeded search pattern filesize limit: ERR1466828_1_fastqc.html
[2020-09-11 15:24:43,726] multiqc                                            [DEBUG  ]  File ignored by rseqc/bam_stat because it exceeded search pattern filesize limit: ERR1466828_1_fastqc.html
[2020-09-11 15:24:43,726] multiqc                                            [DEBUG  ]  File ignored by rseqc/junction_annotation because it exceeded search pattern filesize limit: ERR1466828_1_fastqc.html
[2020-09-11 15:24:43,726] multiqc                                            [DEBUG  ]  File ignored by rseqc/read_distribution because it exceeded search pattern filesize limit: ERR1466828_1_fastqc.html
[2020-09-11 15:24:43,726] multiqc                                            [DEBUG  ]  File ignored by rseqc/infer_experiment because it exceeded search pattern filesize limit: ERR1466828_1_fastqc.html
[2020-09-11 15:24:43,767] multiqc                                            [DEBUG  ]  Ignoring file as matched an ignore pattern: ERR1466828_2.fastq.gz
[2020-09-11 15:24:43,788] multiqc                                            [DEBUG  ]  File ignored by hicexplorer because it exceeded search pattern filesize limit: ERR1466835_2_fastqc.html
[2020-09-11 15:24:43,790] multiqc                                            [DEBUG  ]  File ignored by longranger/invocation because it exceeded search pattern filesize limit: ERR1466835_2_fastqc.html
[2020-09-11 15:24:43,790] multiqc                                            [DEBUG  ]  File ignored by rockhopper because it exceeded search pattern filesize limit: ERR1466835_2_fastqc.html
[2020-09-11 15:24:43,790] multiqc                                            [DEBUG  ]  File ignored by rseqc/bam_stat because it exceeded search pattern filesize limit: ERR1466835_2_fastqc.html
[2020-09-11 15:24:43,790] multiqc                                            [DEBUG  ]  File ignored by rseqc/junction_annotation because it exceeded search pattern filesize limit: ERR1466835_2_fastqc.html
[2020-09-11 15:24:43,790] multiqc                                            [DEBUG  ]  File ignored by rseqc/read_distribution because it exceeded search pattern filesize limit: ERR1466835_2_fastqc.html
[2020-09-11 15:24:43,790] multiqc                                            [DEBUG  ]  File ignored by rseqc/infer_experiment because it exceeded search pattern filesize limit: ERR1466835_2_fastqc.html
[2020-09-11 15:24:43,831] multiqc                                            [DEBUG  ]  Ignoring file as matched an ignore pattern: ERR1466834_2.fastq.gz
[2020-09-11 15:24:43,850] multiqc                                            [DEBUG  ]  File ignored by hicexplorer because it exceeded search pattern filesize limit: ERR1466831_2_fastqc.html
[2020-09-11 15:24:43,852] multiqc                                            [DEBUG  ]  File ignored by longranger/invocation because it exceeded search pattern filesize limit: ERR1466831_2_fastqc.html
[2020-09-11 15:24:43,852] multiqc                                            [DEBUG  ]  File ignored by rockhopper because it exceeded search pattern filesize limit: ERR1466831_2_fastqc.html
[2020-09-11 15:24:43,852] multiqc                                            [DEBUG  ]  File ignored by rseqc/bam_stat because it exceeded search pattern filesize limit: ERR1466831_2_fastqc.html
[2020-09-11 15:24:43,852] multiqc                                            [DEBUG  ]  File ignored by rseqc/junction_annotation because it exceeded search pattern filesize limit: ERR1466831_2_fastqc.html
[2020-09-11 15:24:43,852] multiqc                                            [DEBUG  ]  File ignored by rseqc/read_distribution because it exceeded search pattern filesize limit: ERR1466831_2_fastqc.html
[2020-09-11 15:24:43,852] multiqc                                            [DEBUG  ]  File ignored by rseqc/infer_experiment because it exceeded search pattern filesize limit: ERR1466831_2_fastqc.html
[2020-09-11 15:24:43,904] multiqc                                            [DEBUG  ]  Ignoring file as matched an ignore pattern: ERR1466829_1.fastq.gz
[2020-09-11 15:24:43,904] multiqc                                            [DEBUG  ]  Ignoring file as matched an ignore pattern: ERR1466835_1.fastq.gz
[2020-09-11 15:24:43,923] multiqc                                            [DEBUG  ]  Ignoring file as matched an ignore pattern: ERR1466830_1.fastq.gz
[2020-09-11 15:24:43,948] multiqc                                            [DEBUG  ]  File ignored by hicexplorer because it exceeded search pattern filesize limit: ERR1466836_2_fastqc.html
[2020-09-11 15:24:43,950] multiqc                                            [DEBUG  ]  File ignored by longranger/invocation because it exceeded search pattern filesize limit: ERR1466836_2_fastqc.html
[2020-09-11 15:24:43,950] multiqc                                            [DEBUG  ]  File ignored by rockhopper because it exceeded search pattern filesize limit: ERR1466836_2_fastqc.html
[2020-09-11 15:24:43,950] multiqc                                            [DEBUG  ]  File ignored by rseqc/bam_stat because it exceeded search pattern filesize limit: ERR1466836_2_fastqc.html
[2020-09-11 15:24:43,950] multiqc                                            [DEBUG  ]  File ignored by rseqc/junction_annotation because it exceeded search pattern filesize limit: ERR1466836_2_fastqc.html
[2020-09-11 15:24:43,950] multiqc                                            [DEBUG  ]  File ignored by rseqc/read_distribution because it exceeded search pattern filesize limit: ERR1466836_2_fastqc.html
[2020-09-11 15:24:43,950] multiqc                                            [DEBUG  ]  File ignored by rseqc/infer_experiment because it exceeded search pattern filesize limit: ERR1466836_2_fastqc.html
[2020-09-11 15:24:44,010] multiqc                                            [DEBUG  ]  File ignored by hicexplorer because it exceeded search pattern filesize limit: ERR1466832_2_fastqc.html
[2020-09-11 15:24:44,011] multiqc                                            [DEBUG  ]  File ignored by longranger/invocation because it exceeded search pattern filesize limit: ERR1466832_2_fastqc.html
[2020-09-11 15:24:44,012] multiqc                                            [DEBUG  ]  File ignored by rockhopper because it exceeded search pattern filesize limit: ERR1466832_2_fastqc.html
[2020-09-11 15:24:44,012] multiqc                                            [DEBUG  ]  File ignored by rseqc/bam_stat because it exceeded search pattern filesize limit: ERR1466832_2_fastqc.html
[2020-09-11 15:24:44,012] multiqc                                            [DEBUG  ]  File ignored by rseqc/junction_annotation because it exceeded search pattern filesize limit: ERR1466832_2_fastqc.html
[2020-09-11 15:24:44,012] multiqc                                            [DEBUG  ]  File ignored by rseqc/read_distribution because it exceeded search pattern filesize limit: ERR1466832_2_fastqc.html
[2020-09-11 15:24:44,012] multiqc                                            [DEBUG  ]  File ignored by rseqc/infer_experiment because it exceeded search pattern filesize limit: ERR1466832_2_fastqc.html
[2020-09-11 15:24:44,055] multiqc                                            [DEBUG  ]  Ignoring file as matched an ignore pattern: ERR1466831_2.fastq.gz
[2020-09-11 15:24:44,063] multiqc                                            [DEBUG  ]  File ignored by hicexplorer because it exceeded search pattern filesize limit: ERR1466832_1_fastqc.html
[2020-09-11 15:24:44,064] multiqc                                            [DEBUG  ]  File ignored by longranger/invocation because it exceeded search pattern filesize limit: ERR1466832_1_fastqc.html
[2020-09-11 15:24:44,064] multiqc                                            [DEBUG  ]  File ignored by rockhopper because it exceeded search pattern filesize limit: ERR1466832_1_fastqc.html
[2020-09-11 15:24:44,064] multiqc                                            [DEBUG  ]  File ignored by rseqc/bam_stat because it exceeded search pattern filesize limit: ERR1466832_1_fastqc.html
[2020-09-11 15:24:44,064] multiqc                                            [DEBUG  ]  File ignored by rseqc/junction_annotation because it exceeded search pattern filesize limit: ERR1466832_1_fastqc.html
[2020-09-11 15:24:44,064] multiqc                                            [DEBUG  ]  File ignored by rseqc/read_distribution because it exceeded search pattern filesize limit: ERR1466832_1_fastqc.html
[2020-09-11 15:24:44,064] multiqc                                            [DEBUG  ]  File ignored by rseqc/infer_experiment because it exceeded search pattern filesize limit: ERR1466832_1_fastqc.html
[2020-09-11 15:24:44,103] multiqc                                            [DEBUG  ]  Ignoring file as matched an ignore pattern: ERR1466836_2.fastq.gz
[2020-09-11 15:24:44,113] multiqc                                            [DEBUG  ]  File ignored by hicexplorer because it exceeded search pattern filesize limit: ERR1466836_1_fastqc.html
[2020-09-11 15:24:44,115] multiqc                                            [DEBUG  ]  File ignored by longranger/invocation because it exceeded search pattern filesize limit: ERR1466836_1_fastqc.html
[2020-09-11 15:24:44,115] multiqc                                            [DEBUG  ]  File ignored by rockhopper because it exceeded search pattern filesize limit: ERR1466836_1_fastqc.html
[2020-09-11 15:24:44,115] multiqc                                            [DEBUG  ]  File ignored by rseqc/bam_stat because it exceeded search pattern filesize limit: ERR1466836_1_fastqc.html
[2020-09-11 15:24:44,115] multiqc                                            [DEBUG  ]  File ignored by rseqc/junction_annotation because it exceeded search pattern filesize limit: ERR1466836_1_fastqc.html
[2020-09-11 15:24:44,115] multiqc                                            [DEBUG  ]  File ignored by rseqc/read_distribution because it exceeded search pattern filesize limit: ERR1466836_1_fastqc.html
[2020-09-11 15:24:44,115] multiqc                                            [DEBUG  ]  File ignored by rseqc/infer_experiment because it exceeded search pattern filesize limit: ERR1466836_1_fastqc.html
[2020-09-11 15:24:44,155] multiqc                                            [DEBUG  ]  Ignoring file as matched an ignore pattern: ERR1466827_2.fastq.gz
[2020-09-11 15:24:44,155] multiqc                                            [DEBUG  ]  Ignoring file as matched an ignore pattern: ERR1466832_1.fastq.gz
[2020-09-11 15:24:44,164] multiqc                                            [DEBUG  ]  File ignored by hicexplorer because it exceeded search pattern filesize limit: ERR1466831_1_fastqc.html
[2020-09-11 15:24:44,166] multiqc                                            [DEBUG  ]  File ignored by longranger/invocation because it exceeded search pattern filesize limit: ERR1466831_1_fastqc.html
[2020-09-11 15:24:44,166] multiqc                                            [DEBUG  ]  File ignored by rockhopper because it exceeded search pattern filesize limit: ERR1466831_1_fastqc.html
[2020-09-11 15:24:44,166] multiqc                                            [DEBUG  ]  File ignored by rseqc/bam_stat because it exceeded search pattern filesize limit: ERR1466831_1_fastqc.html
[2020-09-11 15:24:44,166] multiqc                                            [DEBUG  ]  File ignored by rseqc/junction_annotation because it exceeded search pattern filesize limit: ERR1466831_1_fastqc.html
[2020-09-11 15:24:44,166] multiqc                                            [DEBUG  ]  File ignored by rseqc/read_distribution because it exceeded search pattern filesize limit: ERR1466831_1_fastqc.html
[2020-09-11 15:24:44,166] multiqc                                            [DEBUG  ]  File ignored by rseqc/infer_experiment because it exceeded search pattern filesize limit: ERR1466831_1_fastqc.html
[2020-09-11 15:24:44,202] multiqc                                            [DEBUG  ]  Ignoring file as matched an ignore pattern: ERR1466833_2.fastq.gz
[2020-09-11 15:24:44,211] multiqc                                            [DEBUG  ]  File ignored by hicexplorer because it exceeded search pattern filesize limit: ERR1466835_1_fastqc.html
[2020-09-11 15:24:44,213] multiqc                                            [DEBUG  ]  File ignored by longranger/invocation because it exceeded search pattern filesize limit: ERR1466835_1_fastqc.html
[2020-09-11 15:24:44,213] multiqc                                            [DEBUG  ]  File ignored by rockhopper because it exceeded search pattern filesize limit: ERR1466835_1_fastqc.html
[2020-09-11 15:24:44,213] multiqc                                            [DEBUG  ]  File ignored by rseqc/bam_stat because it exceeded search pattern filesize limit: ERR1466835_1_fastqc.html
[2020-09-11 15:24:44,213] multiqc                                            [DEBUG  ]  File ignored by rseqc/junction_annotation because it exceeded search pattern filesize limit: ERR1466835_1_fastqc.html
[2020-09-11 15:24:44,213] multiqc                                            [DEBUG  ]  File ignored by rseqc/read_distribution because it exceeded search pattern filesize limit: ERR1466835_1_fastqc.html
[2020-09-11 15:24:44,213] multiqc                                            [DEBUG  ]  File ignored by rseqc/infer_experiment because it exceeded search pattern filesize limit: ERR1466835_1_fastqc.html
[2020-09-11 15:24:44,259] multiqc                                            [DEBUG  ]  File ignored by hicexplorer because it exceeded search pattern filesize limit: ERR1466828_2_fastqc.html
[2020-09-11 15:24:44,260] multiqc                                            [DEBUG  ]  File ignored by longranger/invocation because it exceeded search pattern filesize limit: ERR1466828_2_fastqc.html
[2020-09-11 15:24:44,260] multiqc                                            [DEBUG  ]  File ignored by rockhopper because it exceeded search pattern filesize limit: ERR1466828_2_fastqc.html
[2020-09-11 15:24:44,260] multiqc                                            [DEBUG  ]  File ignored by rseqc/bam_stat because it exceeded search pattern filesize limit: ERR1466828_2_fastqc.html
[2020-09-11 15:24:44,260] multiqc                                            [DEBUG  ]  File ignored by rseqc/junction_annotation because it exceeded search pattern filesize limit: ERR1466828_2_fastqc.html
[2020-09-11 15:24:44,260] multiqc                                            [DEBUG  ]  File ignored by rseqc/read_distribution because it exceeded search pattern filesize limit: ERR1466828_2_fastqc.html
[2020-09-11 15:24:44,261] multiqc                                            [DEBUG  ]  File ignored by rseqc/infer_experiment because it exceeded search pattern filesize limit: ERR1466828_2_fastqc.html
[2020-09-11 15:24:44,299] multiqc                                            [DEBUG  ]  Ignoring file as matched an ignore pattern: strongyloides_papillosus.PRJEB525.WBPS14.mRNA_transcripts.fa
[2020-09-11 15:24:44,303] multiqc                                            [DEBUG  ]  File ignored by hicexplorer because it exceeded search pattern filesize limit: abundance.tsv
[2020-09-11 15:24:44,305] multiqc                                            [DEBUG  ]  File ignored by longranger/invocation because it exceeded search pattern filesize limit: abundance.tsv
[2020-09-11 15:24:44,305] multiqc                                            [DEBUG  ]  File ignored by rockhopper because it exceeded search pattern filesize limit: abundance.tsv
[2020-09-11 15:24:44,305] multiqc                                            [DEBUG  ]  File ignored by rseqc/bam_stat because it exceeded search pattern filesize limit: abundance.tsv
[2020-09-11 15:24:44,305] multiqc                                            [DEBUG  ]  File ignored by rseqc/junction_annotation because it exceeded search pattern filesize limit: abundance.tsv
[2020-09-11 15:24:44,305] multiqc                                            [DEBUG  ]  File ignored by rseqc/read_distribution because it exceeded search pattern filesize limit: abundance.tsv
[2020-09-11 15:24:44,305] multiqc                                            [DEBUG  ]  File ignored by rseqc/infer_experiment because it exceeded search pattern filesize limit: abundance.tsv
[2020-09-11 15:24:44,582] multiqc                                            [DEBUG  ]  File ignored by hicexplorer because it exceeded search pattern filesize limit: abundance.tsv
[2020-09-11 15:24:44,583] multiqc                                            [DEBUG  ]  File ignored by longranger/invocation because it exceeded search pattern filesize limit: abundance.tsv
[2020-09-11 15:24:44,584] multiqc                                            [DEBUG  ]  File ignored by rockhopper because it exceeded search pattern filesize limit: abundance.tsv
[2020-09-11 15:24:44,584] multiqc                                            [DEBUG  ]  File ignored by rseqc/bam_stat because it exceeded search pattern filesize limit: abundance.tsv
[2020-09-11 15:24:44,584] multiqc                                            [DEBUG  ]  File ignored by rseqc/junction_annotation because it exceeded search pattern filesize limit: abundance.tsv
[2020-09-11 15:24:44,584] multiqc                                            [DEBUG  ]  File ignored by rseqc/read_distribution because it exceeded search pattern filesize limit: abundance.tsv
[2020-09-11 15:24:44,584] multiqc                                            [DEBUG  ]  File ignored by rseqc/infer_experiment because it exceeded search pattern filesize limit: abundance.tsv
[2020-09-11 15:24:44,862] multiqc                                            [DEBUG  ]  File ignored by hicexplorer because it exceeded search pattern filesize limit: abundance.tsv
[2020-09-11 15:24:44,863] multiqc                                            [DEBUG  ]  File ignored by longranger/invocation because it exceeded search pattern filesize limit: abundance.tsv
[2020-09-11 15:24:44,863] multiqc                                            [DEBUG  ]  File ignored by rockhopper because it exceeded search pattern filesize limit: abundance.tsv
[2020-09-11 15:24:44,863] multiqc                                            [DEBUG  ]  File ignored by rseqc/bam_stat because it exceeded search pattern filesize limit: abundance.tsv
[2020-09-11 15:24:44,863] multiqc                                            [DEBUG  ]  File ignored by rseqc/junction_annotation because it exceeded search pattern filesize limit: abundance.tsv
[2020-09-11 15:24:44,864] multiqc                                            [DEBUG  ]  File ignored by rseqc/read_distribution because it exceeded search pattern filesize limit: abundance.tsv
[2020-09-11 15:24:44,864] multiqc                                            [DEBUG  ]  File ignored by rseqc/infer_experiment because it exceeded search pattern filesize limit: abundance.tsv
[2020-09-11 15:24:45,131] multiqc                                            [DEBUG  ]  File ignored by hicexplorer because it exceeded search pattern filesize limit: abundance.tsv
[2020-09-11 15:24:45,132] multiqc                                            [DEBUG  ]  File ignored by longranger/invocation because it exceeded search pattern filesize limit: abundance.tsv
[2020-09-11 15:24:45,132] multiqc                                            [DEBUG  ]  File ignored by rockhopper because it exceeded search pattern filesize limit: abundance.tsv
[2020-09-11 15:24:45,132] multiqc                                            [DEBUG  ]  File ignored by rseqc/bam_stat because it exceeded search pattern filesize limit: abundance.tsv
[2020-09-11 15:24:45,133] multiqc                                            [DEBUG  ]  File ignored by rseqc/junction_annotation because it exceeded search pattern filesize limit: abundance.tsv
[2020-09-11 15:24:45,133] multiqc                                            [DEBUG  ]  File ignored by rseqc/read_distribution because it exceeded search pattern filesize limit: abundance.tsv
[2020-09-11 15:24:45,133] multiqc                                            [DEBUG  ]  File ignored by rseqc/infer_experiment because it exceeded search pattern filesize limit: abundance.tsv
[2020-09-11 15:24:45,407] multiqc                                            [DEBUG  ]  File ignored by hicexplorer because it exceeded search pattern filesize limit: abundance.tsv
[2020-09-11 15:24:45,408] multiqc                                            [DEBUG  ]  File ignored by longranger/invocation because it exceeded search pattern filesize limit: abundance.tsv
[2020-09-11 15:24:45,408] multiqc                                            [DEBUG  ]  File ignored by rockhopper because it exceeded search pattern filesize limit: abundance.tsv
[2020-09-11 15:24:45,408] multiqc                                            [DEBUG  ]  File ignored by rseqc/bam_stat because it exceeded search pattern filesize limit: abundance.tsv
[2020-09-11 15:24:45,409] multiqc                                            [DEBUG  ]  File ignored by rseqc/junction_annotation because it exceeded search pattern filesize limit: abundance.tsv
[2020-09-11 15:24:45,409] multiqc                                            [DEBUG  ]  File ignored by rseqc/read_distribution because it exceeded search pattern filesize limit: abundance.tsv
[2020-09-11 15:24:45,409] multiqc                                            [DEBUG  ]  File ignored by rseqc/infer_experiment because it exceeded search pattern filesize limit: abundance.tsv
[2020-09-11 15:24:45,679] multiqc                                            [DEBUG  ]  File ignored by hicexplorer because it exceeded search pattern filesize limit: abundance.tsv
[2020-09-11 15:24:45,680] multiqc                                            [DEBUG  ]  File ignored by longranger/invocation because it exceeded search pattern filesize limit: abundance.tsv
[2020-09-11 15:24:45,680] multiqc                                            [DEBUG  ]  File ignored by rockhopper because it exceeded search pattern filesize limit: abundance.tsv
[2020-09-11 15:24:45,680] multiqc                                            [DEBUG  ]  File ignored by rseqc/bam_stat because it exceeded search pattern filesize limit: abundance.tsv
[2020-09-11 15:24:45,680] multiqc                                            [DEBUG  ]  File ignored by rseqc/junction_annotation because it exceeded search pattern filesize limit: abundance.tsv
[2020-09-11 15:24:45,680] multiqc                                            [DEBUG  ]  File ignored by rseqc/read_distribution because it exceeded search pattern filesize limit: abundance.tsv
[2020-09-11 15:24:45,680] multiqc                                            [DEBUG  ]  File ignored by rseqc/infer_experiment because it exceeded search pattern filesize limit: abundance.tsv
[2020-09-11 15:24:45,959] multiqc                                            [DEBUG  ]  File ignored by hicexplorer because it exceeded search pattern filesize limit: abundance.tsv
[2020-09-11 15:24:45,961] multiqc                                            [DEBUG  ]  File ignored by longranger/invocation because it exceeded search pattern filesize limit: abundance.tsv
[2020-09-11 15:24:45,961] multiqc                                            [DEBUG  ]  File ignored by rockhopper because it exceeded search pattern filesize limit: abundance.tsv
[2020-09-11 15:24:45,961] multiqc                                            [DEBUG  ]  File ignored by rseqc/bam_stat because it exceeded search pattern filesize limit: abundance.tsv
[2020-09-11 15:24:45,961] multiqc                                            [DEBUG  ]  File ignored by rseqc/junction_annotation because it exceeded search pattern filesize limit: abundance.tsv
[2020-09-11 15:24:45,961] multiqc                                            [DEBUG  ]  File ignored by rseqc/read_distribution because it exceeded search pattern filesize limit: abundance.tsv
[2020-09-11 15:24:45,961] multiqc                                            [DEBUG  ]  File ignored by rseqc/infer_experiment because it exceeded search pattern filesize limit: abundance.tsv
[2020-09-11 15:24:46,232] multiqc                                            [DEBUG  ]  File ignored by hicexplorer because it exceeded search pattern filesize limit: abundance.tsv
[2020-09-11 15:24:46,234] multiqc                                            [DEBUG  ]  File ignored by longranger/invocation because it exceeded search pattern filesize limit: abundance.tsv
[2020-09-11 15:24:46,234] multiqc                                            [DEBUG  ]  File ignored by rockhopper because it exceeded search pattern filesize limit: abundance.tsv
[2020-09-11 15:24:46,234] multiqc                                            [DEBUG  ]  File ignored by rseqc/bam_stat because it exceeded search pattern filesize limit: abundance.tsv
[2020-09-11 15:24:46,234] multiqc                                            [DEBUG  ]  File ignored by rseqc/junction_annotation because it exceeded search pattern filesize limit: abundance.tsv
[2020-09-11 15:24:46,234] multiqc                                            [DEBUG  ]  File ignored by rseqc/read_distribution because it exceeded search pattern filesize limit: abundance.tsv
[2020-09-11 15:24:46,235] multiqc                                            [DEBUG  ]  File ignored by rseqc/infer_experiment because it exceeded search pattern filesize limit: abundance.tsv
[2020-09-11 15:24:46,504] multiqc                                            [DEBUG  ]  File ignored by hicexplorer because it exceeded search pattern filesize limit: abundance.tsv
[2020-09-11 15:24:46,506] multiqc                                            [DEBUG  ]  File ignored by longranger/invocation because it exceeded search pattern filesize limit: abundance.tsv
[2020-09-11 15:24:46,506] multiqc                                            [DEBUG  ]  File ignored by rockhopper because it exceeded search pattern filesize limit: abundance.tsv
[2020-09-11 15:24:46,506] multiqc                                            [DEBUG  ]  File ignored by rseqc/bam_stat because it exceeded search pattern filesize limit: abundance.tsv
[2020-09-11 15:24:46,506] multiqc                                            [DEBUG  ]  File ignored by rseqc/junction_annotation because it exceeded search pattern filesize limit: abundance.tsv
[2020-09-11 15:24:46,506] multiqc                                            [DEBUG  ]  File ignored by rseqc/read_distribution because it exceeded search pattern filesize limit: abundance.tsv
[2020-09-11 15:24:46,506] multiqc                                            [DEBUG  ]  File ignored by rseqc/infer_experiment because it exceeded search pattern filesize limit: abundance.tsv
[2020-09-11 15:24:46,779] multiqc                                            [DEBUG  ]  File ignored by hicexplorer because it exceeded search pattern filesize limit: abundance.tsv
[2020-09-11 15:24:46,781] multiqc                                            [DEBUG  ]  File ignored by longranger/invocation because it exceeded search pattern filesize limit: abundance.tsv
[2020-09-11 15:24:46,781] multiqc                                            [DEBUG  ]  File ignored by rockhopper because it exceeded search pattern filesize limit: abundance.tsv
[2020-09-11 15:24:46,781] multiqc                                            [DEBUG  ]  File ignored by rseqc/bam_stat because it exceeded search pattern filesize limit: abundance.tsv
[2020-09-11 15:24:46,781] multiqc                                            [DEBUG  ]  File ignored by rseqc/junction_annotation because it exceeded search pattern filesize limit: abundance.tsv
[2020-09-11 15:24:46,781] multiqc                                            [DEBUG  ]  File ignored by rseqc/read_distribution because it exceeded search pattern filesize limit: abundance.tsv
[2020-09-11 15:24:46,781] multiqc                                            [DEBUG  ]  File ignored by rseqc/infer_experiment because it exceeded search pattern filesize limit: abundance.tsv
[2020-09-11 15:24:47,365] multiqc.plots.bargraph                             [DEBUG  ]  Using matplotlib version 3.2.2
[2020-09-11 15:24:47,365] multiqc.plots.linegraph                            [DEBUG  ]  Using matplotlib version 3.2.2
[2020-09-11 15:24:47,367] multiqc                                            [DEBUG  ]  No samples found: custom_content
[2020-09-11 15:24:47,371] multiqc                                            [DEBUG  ]  No samples found: conpair
[2020-09-11 15:24:47,377] multiqc                                            [DEBUG  ]  No samples found: peddy
[2020-09-11 15:24:47,382] multiqc                                            [DEBUG  ]  No samples found: somalier
[2020-09-11 15:24:47,387] multiqc                                            [DEBUG  ]  No samples found: methylQA
[2020-09-11 15:24:47,396] multiqc                                            [DEBUG  ]  No samples found: mosdepth
[2020-09-11 15:24:47,402] multiqc                                            [DEBUG  ]  No samples found: phantompeakqualtools
[2020-09-11 15:24:47,406] multiqc                                            [DEBUG  ]  No samples found: qualimap
[2020-09-11 15:24:47,412] multiqc                                            [DEBUG  ]  No samples found: preseq
[2020-09-11 15:24:47,417] multiqc                                            [DEBUG  ]  No samples found: quast
[2020-09-11 15:24:47,423] multiqc                                            [DEBUG  ]  No samples found: qorts
[2020-09-11 15:24:47,427] multiqc                                            [DEBUG  ]  No samples found: rna_seqc
[2020-09-11 15:24:47,431] multiqc                                            [DEBUG  ]  No samples found: rockhopper
[2020-09-11 15:24:47,435] multiqc                                            [DEBUG  ]  No samples found: rsem
[2020-09-11 15:24:47,450] multiqc                                            [DEBUG  ]  No samples found: rseqc
[2020-09-11 15:24:47,456] multiqc                                            [DEBUG  ]  No samples found: busco
[2020-09-11 15:24:47,461] multiqc                                            [DEBUG  ]  No samples found: goleft_indexcov
[2020-09-11 15:24:47,465] multiqc                                            [DEBUG  ]  No samples found: disambiguate
[2020-09-11 15:24:47,470] multiqc                                            [DEBUG  ]  No samples found: supernova
[2020-09-11 15:24:47,481] multiqc                                            [DEBUG  ]  No samples found: deeptools
[2020-09-11 15:24:47,487] multiqc                                            [DEBUG  ]  No samples found: sargasso
[2020-09-11 15:24:47,492] multiqc                                            [DEBUG  ]  No samples found: verifybamid
[2020-09-11 15:24:47,497] multiqc                                            [DEBUG  ]  No samples found: mirtrace
[2020-09-11 15:24:47,501] multiqc                                            [DEBUG  ]  No samples found: happy
[2020-09-11 15:24:47,505] multiqc                                            [DEBUG  ]  No samples found: mirtop
[2020-09-11 15:24:47,510] multiqc                                            [DEBUG  ]  No samples found: homer
[2020-09-11 15:24:47,514] multiqc                                            [DEBUG  ]  No samples found: macs2
[2020-09-11 15:24:47,519] multiqc                                            [DEBUG  ]  No samples found: theta2
[2020-09-11 15:24:47,523] multiqc                                            [DEBUG  ]  No samples found: snpeff
[2020-09-11 15:24:47,528] multiqc                                            [DEBUG  ]  No samples found: gatk
[2020-09-11 15:24:47,532] multiqc                                            [DEBUG  ]  No samples found: htseq
[2020-09-11 15:24:47,536] multiqc                                            [DEBUG  ]  No samples found: bcftools
[2020-09-11 15:24:47,540] multiqc                                            [DEBUG  ]  No samples found: featureCounts
[2020-09-11 15:24:47,545] multiqc                                            [DEBUG  ]  No samples found: fgbio
[2020-09-11 15:24:47,554] multiqc                                            [DEBUG  ]  No samples found: dragen
[2020-09-11 15:24:47,557] multiqc                                            [DEBUG  ]  No samples found: dedup
[2020-09-11 15:24:47,561] multiqc                                            [DEBUG  ]  No samples found: damageprofiler
[2020-09-11 15:24:47,572] multiqc                                            [DEBUG  ]  No samples found: biobambam2
[2020-09-11 15:24:47,575] multiqc                                            [DEBUG  ]  No samples found: mtnucratio
[2020-09-11 15:24:47,577] multiqc                                            [DEBUG  ]  No samples found: picard
[2020-09-11 15:24:47,581] multiqc                                            [DEBUG  ]  No samples found: prokka
[2020-09-11 15:24:47,585] multiqc                                            [DEBUG  ]  No samples found: samblaster
[2020-09-11 15:24:47,592] multiqc                                            [DEBUG  ]  No samples found: samtools
[2020-09-11 15:24:47,596] multiqc                                            [DEBUG  ]  No samples found: sexdeterrmine
[2020-09-11 15:24:47,599] multiqc                                            [DEBUG  ]  No samples found: bamtools
[2020-09-11 15:24:47,603] multiqc                                            [DEBUG  ]  No samples found: jellyfish
[2020-09-11 15:24:47,610] multiqc                                            [DEBUG  ]  No samples found: vcftools
[2020-09-11 15:24:47,614] multiqc                                            [DEBUG  ]  No samples found: longranger
[2020-09-11 15:24:47,617] multiqc                                            [DEBUG  ]  No samples found: stacks
[2020-09-11 15:24:47,620] multiqc                                            [DEBUG  ]  No samples found: varscan2
[2020-09-11 15:24:47,628] multiqc                                            [DEBUG  ]  No samples found: bbmap
[2020-09-11 15:24:47,632] multiqc                                            [DEBUG  ]  No samples found: bismark
[2020-09-11 15:24:47,635] multiqc                                            [DEBUG  ]  No samples found: biscuit
[2020-09-11 15:24:47,640] multiqc                                            [DEBUG  ]  No samples found: hicexplorer
[2020-09-11 15:24:47,644] multiqc                                            [DEBUG  ]  No samples found: hicup
[2020-09-11 15:24:47,649] multiqc                                            [DEBUG  ]  No samples found: hicpro
[2020-09-11 15:24:47,653] multiqc                                            [DEBUG  ]  No samples found: salmon
[2020-09-11 15:24:47,660] multiqc.modules.kallisto.kallisto                  [INFO   ]  Found 10 reports
[2020-09-11 15:24:47,666] multiqc                                            [DEBUG  ]  No samples found: slamdunk
[2020-09-11 15:24:47,670] multiqc                                            [DEBUG  ]  No samples found: star
[2020-09-11 15:24:47,673] multiqc                                            [DEBUG  ]  No samples found: hisat2
[2020-09-11 15:24:47,678] multiqc                                            [DEBUG  ]  No samples found: tophat
[2020-09-11 15:24:47,681] multiqc                                            [DEBUG  ]  No samples found: bowtie2
[2020-09-11 15:24:47,684] multiqc                                            [DEBUG  ]  No samples found: bowtie1
[2020-09-11 15:24:47,687] multiqc                                            [DEBUG  ]  No samples found: snpsplit
[2020-09-11 15:24:47,691] multiqc                                            [DEBUG  ]  No samples found: kat
[2020-09-11 15:24:47,694] multiqc                                            [DEBUG  ]  No samples found: leehom
[2020-09-11 15:24:47,698] multiqc                                            [DEBUG  ]  No samples found: adapterRemoval
[2020-09-11 15:24:47,701] multiqc                                            [DEBUG  ]  No samples found: clipandmerge
[2020-09-11 15:24:47,705] multiqc                                            [DEBUG  ]  No samples found: cutadapt
[2020-09-11 15:24:47,708] multiqc                                            [DEBUG  ]  No samples found: flexbar
[2020-09-11 15:24:47,712] multiqc                                            [DEBUG  ]  No samples found: kaiju
[2020-09-11 15:24:47,715] multiqc                                            [DEBUG  ]  No samples found: kraken
[2020-09-11 15:24:47,718] multiqc                                            [DEBUG  ]  No samples found: malt
[2020-09-11 15:24:47,722] multiqc                                            [DEBUG  ]  No samples found: trimmomatic
[2020-09-11 15:24:47,725] multiqc                                            [DEBUG  ]  No samples found: sickle
[2020-09-11 15:24:47,729] multiqc                                            [DEBUG  ]  No samples found: skewer
[2020-09-11 15:24:47,732] multiqc                                            [DEBUG  ]  No samples found: sortmerna
[2020-09-11 15:24:47,736] multiqc                                            [DEBUG  ]  No samples found: biobloomtools
[2020-09-11 15:24:47,739] multiqc                                            [DEBUG  ]  No samples found: fastq_screen
[2020-09-11 15:24:47,742] multiqc                                            [DEBUG  ]  No samples found: afterqc
[2020-09-11 15:24:47,746] multiqc                                            [DEBUG  ]  No samples found: fastp
[2020-09-11 15:24:48,087] multiqc.modules.fastqc.fastqc                      [INFO   ]  Found 20 reports
[2020-09-11 15:24:48,272] multiqc                                            [DEBUG  ]  No samples found: pycoqc
[2020-09-11 15:24:48,275] multiqc                                            [DEBUG  ]  No samples found: minionqc
[2020-09-11 15:24:48,278] multiqc                                            [DEBUG  ]  No samples found: multivcfanalyzer
[2020-09-11 15:24:48,282] multiqc                                            [DEBUG  ]  No samples found: clusterflow
[2020-09-11 15:24:48,285] multiqc                                            [DEBUG  ]  No samples found: bcl2fastq
[2020-09-11 15:24:48,289] multiqc                                            [DEBUG  ]  No samples found: interop
[2020-09-11 15:24:48,293] multiqc                                            [DEBUG  ]  No samples found: ivar
[2020-09-11 15:24:48,296] multiqc                                            [DEBUG  ]  No samples found: flash
[2020-09-11 15:24:48,299] multiqc                                            [DEBUG  ]  No samples found: seqyclean
[2020-09-11 15:24:48,330] multiqc                                            [INFO   ]  Compressing plot data
[2020-09-11 15:24:48,604] multiqc                                            [INFO   ]  Report      : multiqc_report.html
[2020-09-11 15:24:48,604] multiqc                                            [INFO   ]  Data        : multiqc_data
[2020-09-11 15:24:48,605] multiqc                                            [DEBUG  ]  Moving data file from '/var/folders/xg/4ps290nj7qgb4xc5p53nkssc0000gn/T/tmp3qs6l35k/multiqc_data' to '/Users/astrasb/Documents/RStudio/Strongyloides_Bioinformatics/Data/S_papillosus/Reads/multiqc_data'
[2020-09-11 15:24:48,929] multiqc                                            [INFO   ]  MultiQC complete
